2024-05-04 02:10:02 INFO            _                _                      
2024-05-04 02:10:02 INFO           / \   ___ ___ ___| | ___ _ __ __ _ _   _ 
2024-05-04 02:10:02 INFO          / _ \ / __/ __/ _ \ |/ _ \ '__/ _` | | | |
2024-05-04 02:10:02 INFO         / ___ \ (_| (_|  __/ |  __/ | | (_| | |_| |
2024-05-04 02:10:02 INFO        /_/   \_\___\___\___|_|\___|_|  \__, |\__, |
2024-05-04 02:10:02 INFO                                        |___/ |___/ 
2024-05-04 02:10:02 INFO        generating outputs according to the following specified output flags... 
2024-05-04 02:10:02 INFO         Please use the -f flag to update the preference (default to all output files)
2024-05-04 02:10:02 INFO        {'ERT': 1, 'ERT_summary': 1, 'ART': 1, 'ART_summary': 1, 'energy_estimation': 1, 'flattened_arch': 1}
2024-05-04 02:10:02 INFO        Located config file at /home/workspace/.config/accelergy/accelergy_config.yaml.
2024-05-04 02:10:02 INFO        config file located:
2024-05-04 02:10:02 INFO        /home/workspace/.config/accelergy/accelergy_config.yaml
2024-05-04 02:10:06 INFO        YAML Setting environment variable TIMELOOP_HIDE_INCONSEQUENTIAL_STATS to 1
2024-05-04 02:10:06 INFO        Parsing file /home/workspace/final-project/example_designs/example_designs/simple_output_stationary/outputs/mobilenet_v3_51/parsed-processed-input.yaml for architecture info
2024-05-04 02:10:06 INFO        Parsing file /home/workspace/final-project/example_designs/example_designs/simple_output_stationary/outputs/mobilenet_v3_51/parsed-processed-input.yaml for compound_components info
2024-05-04 02:10:10 INFO        YAML Setting environment variable TIMELOOP_HIDE_INCONSEQUENTIAL_STATS to 1
2024-05-04 02:10:10 INFO        Adding required action "leak" to class DRAM
2024-05-04 02:10:10 INFO        Adding required action "read" to class DRAM
2024-05-04 02:10:10 INFO        Adding required action "update" to class DRAM
2024-05-04 02:10:10 INFO        Adding required action "write" to class DRAM
2024-05-04 02:10:10 INFO        Adding required action "leak" to class aladdin_register
2024-05-04 02:10:10 INFO        Adding required action "read" to class aladdin_register
2024-05-04 02:10:10 INFO        Adding required action "update" to class aladdin_register
2024-05-04 02:10:10 INFO        Adding required action "write" to class aladdin_register
2024-05-04 02:10:10 INFO        Calculated storage."width" as "width" = 64.
2024-05-04 02:10:10 INFO        Calculated storage."depth" as "depth" = 16384.
2024-05-04 02:10:10 INFO        Calculated storage."n_rw_ports" as "n_rw_ports" = 1.
2024-05-04 02:10:10 INFO        Calculated storage."technology" as "technology" = 45nm.
2024-05-04 02:10:10 INFO        Calculated storage."global_cycle_seconds" as "global_cycle_seconds" = 1e-09.
2024-05-04 02:10:10 INFO        Calculated address_generators[0..1]."n_bits" as "max(1, ceil(log2(depth))) if depth >= 1 else 1" = 14.
2024-05-04 02:10:10 INFO        Calculated address_generators[0..1]."precision" as "max(1, ceil(log2(depth))) if depth >= 1 else 1" = 14.
2024-05-04 02:10:10 INFO        Calculated address_generators[0..1]."datawidth" as "max(1, ceil(log2(depth))) if depth >= 1 else 1" = 14.
2024-05-04 02:10:10 INFO        Calculated address_generators[0..1]."global_cycle_seconds" as "global_cycle_seconds" = 1e-09.
2024-05-04 02:10:10 INFO        Calculated storage."width" as "width" = 16.
2024-05-04 02:10:10 INFO        Calculated storage."depth" as "depth" = 192.
2024-05-04 02:10:10 INFO        Calculated storage."n_rw_ports" as "n_rw_ports" = 1.
2024-05-04 02:10:10 INFO        Calculated storage."technology" as "technology" = 45nm.
2024-05-04 02:10:10 INFO        Calculated storage."global_cycle_seconds" as "global_cycle_seconds" = 1e-09.
2024-05-04 02:10:10 INFO        Calculated address_generators[0..1]."n_bits" as "max(1, ceil(log2(depth))) if depth >= 1 else 1" = 8.
2024-05-04 02:10:10 INFO        Calculated address_generators[0..1]."precision" as "max(1, ceil(log2(depth))) if depth >= 1 else 1" = 8.
2024-05-04 02:10:10 INFO        Calculated address_generators[0..1]."datawidth" as "max(1, ceil(log2(depth))) if depth >= 1 else 1" = 8.
2024-05-04 02:10:10 INFO        Calculated address_generators[0..1]."global_cycle_seconds" as "global_cycle_seconds" = 1e-09.
2024-05-04 02:10:10 INFO        Calculated intadder."width" as "adder_width" = 16.
2024-05-04 02:10:10 INFO        Calculated intmultiplier."width_a" as "multiplier_width" = 8.
2024-05-04 02:10:10 INFO        Calculated intmultiplier."width_b" as "multiplier_width" = 8.
2024-05-04 02:10:11 INFO        Estimator plug-in identified by: /usr/local/share/accelergy/estimation_plug_ins/dummy_tables/dummy.estimator.yaml
2024-05-04 02:10:11 INFO        Estimator plug-in identified by: /usr/local/share/accelergy/estimation_plug_ins/accelergy-library-plugin/library.estimator.yaml
2024-05-04 02:10:11 INFO        Estimator plug-in identified by: /usr/local/share/accelergy/estimation_plug_ins/accelergy-neurosim-plugin/neurosim.estimator.yaml
2024-05-04 02:10:11 INFO        Estimator plug-in identified by: /usr/local/share/accelergy/estimation_plug_ins/accelergy-cacti-plug-in/cacti.estimator.yaml
2024-05-04 02:10:11 INFO        Estimator plug-in identified by: /usr/local/share/accelergy/estimation_plug_ins/accelergy-table-based-plug-ins/table.estimator.yaml
2024-05-04 02:10:11 INFO        Estimator plug-in identified by: /usr/local/share/accelergy/estimation_plug_ins/accelergy-aladdin-plug-in/aladdin.estimator.yaml
2024-05-04 02:10:11 INFO        Estimator plug-in identified by: /usr/local/share/accelergy/estimation_plug_ins/accelergy-adc-plug-in/adc.estimator.yaml
2024-05-04 02:10:12 INFO        Getting all estimators in module <module 'python_plug_in' from '/usr/local/share/accelergy/estimation_plug_ins/accelergy-cacti-plug-in/cacti_wrapper.py'>
2024-05-04 02:10:12 INFO        Added estimator CactiCache that estimates cache with actions idle, read, read_access, update, update_access, write, write_access, leak
2024-05-04 02:10:12 INFO        Added estimator CactiDRAM that estimates ['DRAM', 'dram'] with actions idle, read, update, write, leak
2024-05-04 02:10:12 INFO        Added estimator CactiSRAM that estimates ['SRAM', 'sram'] with actions idle, read, update, write, leak
2024-05-04 02:10:12 INFO        Found estimator plug-in: dummy_table (<DummyTable.DummyTable object at 0x7f988ab6b9d0>)
2024-05-04 02:10:12 INFO        Found estimator plug-in: Library (<LibraryEstimator.LibraryEstimator object at 0x7f988ab6baf0>)
2024-05-04 02:10:12 INFO        Found estimator plug-in: Neurosim Plug-In (<NeuroWrapper.NeuroWrapper object at 0x7f988acd5d30>)
2024-05-04 02:10:12 INFO        Found estimator plug-in: table-based-plug-ins (<SetsOfTables.SetsOfTables object at 0x7f988ab86ee0>)
2024-05-04 02:10:12 INFO        Found estimator plug-in: Aladdin_table (<AladdinTable.AladdinTable object at 0x7f988ab99520>)
2024-05-04 02:10:12 INFO        Found estimator plug-in: ADC Plug-In (<ADCEstimator.ADCEstimator object at 0x7f988aa2b250>)
2024-05-04 02:10:12 INFO        Found estimator plug-in: CactiCache (<accelergy.plug_in_interface.estimator_wrapper.EstimatorWrapper object at 0x7f988ab99220>)
2024-05-04 02:10:12 INFO        Found estimator plug-in: CactiDRAM (<accelergy.plug_in_interface.estimator_wrapper.EstimatorWrapper object at 0x7f988aa40af0>)
2024-05-04 02:10:12 INFO        Found estimator plug-in: CactiSRAM (<accelergy.plug_in_interface.estimator_wrapper.EstimatorWrapper object at 0x7f988aa2b9a0>)
2024-05-04 02:10:12 INFO        
2024-05-04 02:10:12 INFO        ENERGY ESTIMATION for DRAM(type=LPDDR4, width=64, datawidth=16, has_power_gating=False, n_banks=2, cluster_size=1, reduction_supported=True, multiple_buffering=1, min_utilization=0, allow_overbooking=False, meshX=1, meshY=1, version=0.4, technology=SET ME, global_cycle_seconds=1e-09, action_latency_cycles=1, cycle_seconds=1e-09, n_instances=1).leak(global_cycle_seconds=1e-09, action_latency_cycles=1)
2024-05-04 02:10:12 INFO        CactiDRAM estimated 0 with accuracy 80%. Messages:
2024-05-04 02:10:12 INFO        | Unused arguments (datawidth, has_power_gating, n_banks, cluster_size, reduction_supported, multiple_buffering, min_utilization, allow_overbooking, meshX, meshY, version, technology, global_cycle_seconds, action_latency_cycles, cycle_seconds, n_instances) provided for ['DRAM', 'dram'].__init__. Arguments used: (type, width)
2024-05-04 02:10:12 INFO        | Unused arguments (action_latency_cycles) provided for ['DRAM', 'dram'].leak. Arguments used: (global_cycle_seconds)
2024-05-04 02:10:12 INFO        | Multiplying by n_instances 1
2024-05-04 02:10:12 INFO        
2024-05-04 02:10:12 INFO        ENERGY ESTIMATION for DRAM(type=LPDDR4, width=64, datawidth=16, has_power_gating=False, n_banks=2, cluster_size=1, reduction_supported=True, multiple_buffering=1, min_utilization=0, allow_overbooking=False, meshX=1, meshY=1, version=0.4, technology=SET ME, global_cycle_seconds=1e-09, action_latency_cycles=1, cycle_seconds=1e-09, n_instances=1).read(global_cycle_seconds=1e-09, action_latency_cycles=1)
2024-05-04 02:10:12 INFO        CactiDRAM estimated 5.12e-10 with accuracy 80%. Messages:
2024-05-04 02:10:12 INFO        | Unused arguments (datawidth, has_power_gating, n_banks, cluster_size, reduction_supported, multiple_buffering, min_utilization, allow_overbooking, meshX, meshY, version, technology, global_cycle_seconds, action_latency_cycles, cycle_seconds, n_instances) provided for ['DRAM', 'dram'].__init__. Arguments used: (type, width)
2024-05-04 02:10:12 INFO        | Unused arguments (global_cycle_seconds, action_latency_cycles) provided for ['DRAM', 'dram'].read. Arguments used: ()
2024-05-04 02:10:12 INFO        
2024-05-04 02:10:12 INFO        ENERGY ESTIMATION for DRAM(type=LPDDR4, width=64, datawidth=16, has_power_gating=False, n_banks=2, cluster_size=1, reduction_supported=True, multiple_buffering=1, min_utilization=0, allow_overbooking=False, meshX=1, meshY=1, version=0.4, technology=SET ME, global_cycle_seconds=1e-09, action_latency_cycles=1, cycle_seconds=1e-09, n_instances=1).update(global_cycle_seconds=1e-09, action_latency_cycles=1)
2024-05-04 02:10:12 INFO        CactiDRAM estimated 5.12e-10 with accuracy 80%. Messages:
2024-05-04 02:10:12 INFO        | Unused arguments (datawidth, has_power_gating, n_banks, cluster_size, reduction_supported, multiple_buffering, min_utilization, allow_overbooking, meshX, meshY, version, technology, global_cycle_seconds, action_latency_cycles, cycle_seconds, n_instances) provided for ['DRAM', 'dram'].__init__. Arguments used: (type, width)
2024-05-04 02:10:12 INFO        | Unused arguments (global_cycle_seconds, action_latency_cycles) provided for ['DRAM', 'dram'].update. Arguments used: ()
2024-05-04 02:10:12 INFO        
2024-05-04 02:10:12 INFO        ENERGY ESTIMATION for DRAM(type=LPDDR4, width=64, datawidth=16, has_power_gating=False, n_banks=2, cluster_size=1, reduction_supported=True, multiple_buffering=1, min_utilization=0, allow_overbooking=False, meshX=1, meshY=1, version=0.4, technology=SET ME, global_cycle_seconds=1e-09, action_latency_cycles=1, cycle_seconds=1e-09, n_instances=1).write(global_cycle_seconds=1e-09, action_latency_cycles=1)
2024-05-04 02:10:12 INFO        CactiDRAM estimated 5.12e-10 with accuracy 80%. Messages:
2024-05-04 02:10:12 INFO        | Unused arguments (datawidth, has_power_gating, n_banks, cluster_size, reduction_supported, multiple_buffering, min_utilization, allow_overbooking, meshX, meshY, version, technology, global_cycle_seconds, action_latency_cycles, cycle_seconds, n_instances) provided for ['DRAM', 'dram'].__init__. Arguments used: (type, width)
2024-05-04 02:10:12 INFO        | Unused arguments (global_cycle_seconds, action_latency_cycles) provided for ['DRAM', 'dram'].write. Arguments used: ()
2024-05-04 02:10:12 INFO        
2024-05-04 02:10:12 INFO        ENERGY ESTIMATION for aladdin_register(depth=1, width=16, datawidth=16, has_power_gating=False, n_banks=2, cluster_size=1, reduction_supported=True, multiple_buffering=1, min_utilization=0, allow_overbooking=False, meshX=16, meshY=16, technology=45nm, version=0.4, global_cycle_seconds=1e-09, action_latency_cycles=1, cycle_seconds=1e-09, n_instances=1).leak(global_cycle_seconds=1e-09, action_latency_cycles=1)
2024-05-04 02:10:12 INFO        Library estimated 0.0p with accuracy 90%. Messages:
2024-05-04 02:10:12 INFO        | Found 1 entries for aladdin_register.leak.
2024-05-04 02:10:12 INFO        | Checking entry "{'technology': '45nm', 'global_cycle_seconds': '1e-9', 'width|datawidth': '1', 'dynamic energy(pJ)': '0', 'area(um^2)': '5.98E+00', 'action': 'leak', 'name': 'aladdin_register', 'area_scale': 1, 'energy_scale': 1, 'n_instances': 1}
2024-05-04 02:10:12 INFO        | value=0.0, matching_attrs=3, log=['Scaling width from 1 to 16', 'Scaling global_cycle_seconds from 1e-9 to 1e-09', 'Scaled aladdin_register.width from 1.0 to 16.0: 16.0x leak', 'Scaled aladdin_register.global_cycle_seconds from 1e-09 to 1e-09: 1.0x leak', 'aladdin_register leak has been scaled 16.0x']
2024-05-04 02:10:12 INFO        | Best-matching entry: {'technology': '45nm', 'global_cycle_seconds': '1e-9', 'width|datawidth': '1', 'dynamic energy(pJ)': '0', 'area(um^2)': '5.98E+00', 'action': 'leak', 'name': 'aladdin_register', 'area_scale': 1, 'energy_scale': 1, 'n_instances': 1}
2024-05-04 02:10:12 INFO        | Scaling width from 1 to 16
2024-05-04 02:10:12 INFO        | Scaling global_cycle_seconds from 1e-9 to 1e-09
2024-05-04 02:10:12 INFO        | Scaled aladdin_register.width from 1.0 to 16.0: 16.0x leak
2024-05-04 02:10:12 INFO        | Scaled aladdin_register.global_cycle_seconds from 1e-09 to 1e-09: 1.0x leak
2024-05-04 02:10:12 INFO        | aladdin_register leak has been scaled 16.0x
2024-05-04 02:10:12 INFO        | Multiplying by n_instances 1
2024-05-04 02:10:12 INFO        
2024-05-04 02:10:12 INFO        ENERGY ESTIMATION for aladdin_register(depth=1, width=16, datawidth=16, has_power_gating=False, n_banks=2, cluster_size=1, reduction_supported=True, multiple_buffering=1, min_utilization=0, allow_overbooking=False, meshX=16, meshY=16, technology=45nm, version=0.4, global_cycle_seconds=1e-09, action_latency_cycles=1, cycle_seconds=1e-09, n_instances=1).read(global_cycle_seconds=1e-09, action_latency_cycles=1)
2024-05-04 02:10:12 INFO        Library estimated 0.144p with accuracy 90%. Messages:
2024-05-04 02:10:12 INFO        | Found 1 entries for aladdin_register.read.
2024-05-04 02:10:12 INFO        | Checking entry "{'technology': '45nm', 'global_cycle_seconds': '1e-9', 'width|datawidth': '1', 'dynamic energy(pJ)': '0.009', 'area(um^2)': '5.98E+00', 'action': 'read', 'name': 'aladdin_register', 'area_scale': 1, 'energy_scale': 1, 'n_instances': 1}
2024-05-04 02:10:12 INFO        | value=0.009, matching_attrs=3, log=['Scaling width from 1 to 16', 'Scaling global_cycle_seconds from 1e-9 to 1e-09', 'Scaled aladdin_register.width from 1.0 to 16.0: 16.0x energy', 'Scaled aladdin_register.global_cycle_seconds from 1e-09 to 1e-09: 1x energy', 'aladdin_register energy has been scaled 16.0x']
2024-05-04 02:10:12 INFO        | Best-matching entry: {'technology': '45nm', 'global_cycle_seconds': '1e-9', 'width|datawidth': '1', 'dynamic energy(pJ)': '0.009', 'area(um^2)': '5.98E+00', 'action': 'read', 'name': 'aladdin_register', 'area_scale': 1, 'energy_scale': 1, 'n_instances': 1}
2024-05-04 02:10:12 INFO        | Scaling width from 1 to 16
2024-05-04 02:10:12 INFO        | Scaling global_cycle_seconds from 1e-9 to 1e-09
2024-05-04 02:10:12 INFO        | Scaled aladdin_register.width from 1.0 to 16.0: 16.0x energy
2024-05-04 02:10:12 INFO        | Scaled aladdin_register.global_cycle_seconds from 1e-09 to 1e-09: 1x energy
2024-05-04 02:10:12 INFO        | aladdin_register energy has been scaled 16.0x
2024-05-04 02:10:12 INFO        
2024-05-04 02:10:12 INFO        ENERGY ESTIMATION for aladdin_register(depth=1, width=16, datawidth=16, has_power_gating=False, n_banks=2, cluster_size=1, reduction_supported=True, multiple_buffering=1, min_utilization=0, allow_overbooking=False, meshX=16, meshY=16, technology=45nm, version=0.4, global_cycle_seconds=1e-09, action_latency_cycles=1, cycle_seconds=1e-09, n_instances=1).update(global_cycle_seconds=1e-09, action_latency_cycles=1)
2024-05-04 02:10:12 INFO        Library estimated 0.0p with accuracy 90%. Messages:
2024-05-04 02:10:12 INFO        | Found 1 entries for aladdin_register.update.
2024-05-04 02:10:12 INFO        | Checking entry "{'technology': '45nm', 'global_cycle_seconds': '1e-9', 'width|datawidth': '1', 'dynamic energy(pJ)': '0', 'area(um^2)': '5.98E+00', 'action': 'update', 'name': 'aladdin_register', 'area_scale': 1, 'energy_scale': 1, 'n_instances': 1}
2024-05-04 02:10:12 INFO        | value=0.0, matching_attrs=3, log=['Scaling width from 1 to 16', 'Scaling global_cycle_seconds from 1e-9 to 1e-09', 'Scaled aladdin_register.width from 1.0 to 16.0: 16.0x energy', 'Scaled aladdin_register.global_cycle_seconds from 1e-09 to 1e-09: 1x energy', 'aladdin_register energy has been scaled 16.0x']
2024-05-04 02:10:12 INFO        | Best-matching entry: {'technology': '45nm', 'global_cycle_seconds': '1e-9', 'width|datawidth': '1', 'dynamic energy(pJ)': '0', 'area(um^2)': '5.98E+00', 'action': 'update', 'name': 'aladdin_register', 'area_scale': 1, 'energy_scale': 1, 'n_instances': 1}
2024-05-04 02:10:12 INFO        | Scaling width from 1 to 16
2024-05-04 02:10:12 INFO        | Scaling global_cycle_seconds from 1e-9 to 1e-09
2024-05-04 02:10:12 INFO        | Scaled aladdin_register.width from 1.0 to 16.0: 16.0x energy
2024-05-04 02:10:12 INFO        | Scaled aladdin_register.global_cycle_seconds from 1e-09 to 1e-09: 1x energy
2024-05-04 02:10:12 INFO        | aladdin_register energy has been scaled 16.0x
2024-05-04 02:10:12 INFO        
2024-05-04 02:10:12 INFO        ENERGY ESTIMATION for aladdin_register(depth=1, width=16, datawidth=16, has_power_gating=False, n_banks=2, cluster_size=1, reduction_supported=True, multiple_buffering=1, min_utilization=0, allow_overbooking=False, meshX=16, meshY=16, technology=45nm, version=0.4, global_cycle_seconds=1e-09, action_latency_cycles=1, cycle_seconds=1e-09, n_instances=1).write(global_cycle_seconds=1e-09, action_latency_cycles=1)
2024-05-04 02:10:12 INFO        Library estimated 0.0p with accuracy 90%. Messages:
2024-05-04 02:10:12 INFO        | Found 1 entries for aladdin_register.write.
2024-05-04 02:10:12 INFO        | Checking entry "{'technology': '45nm', 'global_cycle_seconds': '1e-9', 'width|datawidth': '1', 'dynamic energy(pJ)': '0', 'area(um^2)': '5.98E+00', 'action': 'write', 'name': 'aladdin_register', 'area_scale': 1, 'energy_scale': 1, 'n_instances': 1}
2024-05-04 02:10:12 INFO        | value=0.0, matching_attrs=3, log=['Scaling width from 1 to 16', 'Scaling global_cycle_seconds from 1e-9 to 1e-09', 'Scaled aladdin_register.width from 1.0 to 16.0: 16.0x energy', 'Scaled aladdin_register.global_cycle_seconds from 1e-09 to 1e-09: 1x energy', 'aladdin_register energy has been scaled 16.0x']
2024-05-04 02:10:12 INFO        | Best-matching entry: {'technology': '45nm', 'global_cycle_seconds': '1e-9', 'width|datawidth': '1', 'dynamic energy(pJ)': '0', 'area(um^2)': '5.98E+00', 'action': 'write', 'name': 'aladdin_register', 'area_scale': 1, 'energy_scale': 1, 'n_instances': 1}
2024-05-04 02:10:12 INFO        | Scaling width from 1 to 16
2024-05-04 02:10:12 INFO        | Scaling global_cycle_seconds from 1e-9 to 1e-09
2024-05-04 02:10:12 INFO        | Scaled aladdin_register.width from 1.0 to 16.0: 16.0x energy
2024-05-04 02:10:12 INFO        | Scaled aladdin_register.global_cycle_seconds from 1e-09 to 1e-09: 1x energy
2024-05-04 02:10:12 INFO        | aladdin_register energy has been scaled 16.0x
2024-05-04 02:10:12 INFO        
2024-05-04 02:10:12 INFO        ENERGY ESTIMATION for aladdin_register(depth=1, width=16, datawidth=16, has_power_gating=False, n_banks=2, cluster_size=1, reduction_supported=True, multiple_buffering=1, min_utilization=0, allow_overbooking=False, meshX=16, meshY=16, technology=45nm, version=0.4, global_cycle_seconds=1e-09, action_latency_cycles=1, cycle_seconds=1e-09, n_instances=1).leak(global_cycle_seconds=1e-09, action_latency_cycles=1)
2024-05-04 02:10:12 INFO        Library estimated 0.0p with accuracy 90%. Messages:
2024-05-04 02:10:12 INFO        | Found 1 entries for aladdin_register.leak.
2024-05-04 02:10:12 INFO        | Checking entry "{'technology': '45nm', 'global_cycle_seconds': '1e-9', 'width|datawidth': '1', 'dynamic energy(pJ)': '0', 'area(um^2)': '5.98E+00', 'action': 'leak', 'name': 'aladdin_register', 'area_scale': 1, 'energy_scale': 1, 'n_instances': 1}
2024-05-04 02:10:12 INFO        | value=0.0, matching_attrs=3, log=['Scaling width from 1 to 16', 'Scaling global_cycle_seconds from 1e-9 to 1e-09', 'Scaled aladdin_register.width from 1.0 to 16.0: 16.0x leak', 'Scaled aladdin_register.global_cycle_seconds from 1e-09 to 1e-09: 1.0x leak', 'aladdin_register leak has been scaled 16.0x']
2024-05-04 02:10:12 INFO        | Best-matching entry: {'technology': '45nm', 'global_cycle_seconds': '1e-9', 'width|datawidth': '1', 'dynamic energy(pJ)': '0', 'area(um^2)': '5.98E+00', 'action': 'leak', 'name': 'aladdin_register', 'area_scale': 1, 'energy_scale': 1, 'n_instances': 1}
2024-05-04 02:10:12 INFO        | Scaling width from 1 to 16
2024-05-04 02:10:12 INFO        | Scaling global_cycle_seconds from 1e-9 to 1e-09
2024-05-04 02:10:12 INFO        | Scaled aladdin_register.width from 1.0 to 16.0: 16.0x leak
2024-05-04 02:10:12 INFO        | Scaled aladdin_register.global_cycle_seconds from 1e-09 to 1e-09: 1.0x leak
2024-05-04 02:10:12 INFO        | aladdin_register leak has been scaled 16.0x
2024-05-04 02:10:12 INFO        | Multiplying by n_instances 1
2024-05-04 02:10:12 INFO        
2024-05-04 02:10:12 INFO        ENERGY ESTIMATION for aladdin_register(depth=1, width=16, datawidth=16, has_power_gating=False, n_banks=2, cluster_size=1, reduction_supported=True, multiple_buffering=1, min_utilization=0, allow_overbooking=False, meshX=16, meshY=16, technology=45nm, version=0.4, global_cycle_seconds=1e-09, action_latency_cycles=1, cycle_seconds=1e-09, n_instances=1).read(global_cycle_seconds=1e-09, action_latency_cycles=1)
2024-05-04 02:10:12 INFO        Library estimated 0.144p with accuracy 90%. Messages:
2024-05-04 02:10:12 INFO        | Found 1 entries for aladdin_register.read.
2024-05-04 02:10:12 INFO        | Checking entry "{'technology': '45nm', 'global_cycle_seconds': '1e-9', 'width|datawidth': '1', 'dynamic energy(pJ)': '0.009', 'area(um^2)': '5.98E+00', 'action': 'read', 'name': 'aladdin_register', 'area_scale': 1, 'energy_scale': 1, 'n_instances': 1}
2024-05-04 02:10:12 INFO        | value=0.009, matching_attrs=3, log=['Scaling width from 1 to 16', 'Scaling global_cycle_seconds from 1e-9 to 1e-09', 'Scaled aladdin_register.width from 1.0 to 16.0: 16.0x energy', 'Scaled aladdin_register.global_cycle_seconds from 1e-09 to 1e-09: 1x energy', 'aladdin_register energy has been scaled 16.0x']
2024-05-04 02:10:12 INFO        | Best-matching entry: {'technology': '45nm', 'global_cycle_seconds': '1e-9', 'width|datawidth': '1', 'dynamic energy(pJ)': '0.009', 'area(um^2)': '5.98E+00', 'action': 'read', 'name': 'aladdin_register', 'area_scale': 1, 'energy_scale': 1, 'n_instances': 1}
2024-05-04 02:10:12 INFO        | Scaling width from 1 to 16
2024-05-04 02:10:12 INFO        | Scaling global_cycle_seconds from 1e-9 to 1e-09
2024-05-04 02:10:12 INFO        | Scaled aladdin_register.width from 1.0 to 16.0: 16.0x energy
2024-05-04 02:10:12 INFO        | Scaled aladdin_register.global_cycle_seconds from 1e-09 to 1e-09: 1x energy
2024-05-04 02:10:12 INFO        | aladdin_register energy has been scaled 16.0x
2024-05-04 02:10:12 INFO        
2024-05-04 02:10:12 INFO        ENERGY ESTIMATION for aladdin_register(depth=1, width=16, datawidth=16, has_power_gating=False, n_banks=2, cluster_size=1, reduction_supported=True, multiple_buffering=1, min_utilization=0, allow_overbooking=False, meshX=16, meshY=16, technology=45nm, version=0.4, global_cycle_seconds=1e-09, action_latency_cycles=1, cycle_seconds=1e-09, n_instances=1).update(global_cycle_seconds=1e-09, action_latency_cycles=1)
2024-05-04 02:10:12 INFO        Library estimated 0.0p with accuracy 90%. Messages:
2024-05-04 02:10:12 INFO        | Found 1 entries for aladdin_register.update.
2024-05-04 02:10:12 INFO        | Checking entry "{'technology': '45nm', 'global_cycle_seconds': '1e-9', 'width|datawidth': '1', 'dynamic energy(pJ)': '0', 'area(um^2)': '5.98E+00', 'action': 'update', 'name': 'aladdin_register', 'area_scale': 1, 'energy_scale': 1, 'n_instances': 1}
2024-05-04 02:10:12 INFO        | value=0.0, matching_attrs=3, log=['Scaling width from 1 to 16', 'Scaling global_cycle_seconds from 1e-9 to 1e-09', 'Scaled aladdin_register.width from 1.0 to 16.0: 16.0x energy', 'Scaled aladdin_register.global_cycle_seconds from 1e-09 to 1e-09: 1x energy', 'aladdin_register energy has been scaled 16.0x']
2024-05-04 02:10:12 INFO        | Best-matching entry: {'technology': '45nm', 'global_cycle_seconds': '1e-9', 'width|datawidth': '1', 'dynamic energy(pJ)': '0', 'area(um^2)': '5.98E+00', 'action': 'update', 'name': 'aladdin_register', 'area_scale': 1, 'energy_scale': 1, 'n_instances': 1}
2024-05-04 02:10:12 INFO        | Scaling width from 1 to 16
2024-05-04 02:10:12 INFO        | Scaling global_cycle_seconds from 1e-9 to 1e-09
2024-05-04 02:10:12 INFO        | Scaled aladdin_register.width from 1.0 to 16.0: 16.0x energy
2024-05-04 02:10:12 INFO        | Scaled aladdin_register.global_cycle_seconds from 1e-09 to 1e-09: 1x energy
2024-05-04 02:10:12 INFO        | aladdin_register energy has been scaled 16.0x
2024-05-04 02:10:12 INFO        
2024-05-04 02:10:12 INFO        ENERGY ESTIMATION for aladdin_register(depth=1, width=16, datawidth=16, has_power_gating=False, n_banks=2, cluster_size=1, reduction_supported=True, multiple_buffering=1, min_utilization=0, allow_overbooking=False, meshX=16, meshY=16, technology=45nm, version=0.4, global_cycle_seconds=1e-09, action_latency_cycles=1, cycle_seconds=1e-09, n_instances=1).write(global_cycle_seconds=1e-09, action_latency_cycles=1)
2024-05-04 02:10:12 INFO        Library estimated 0.0p with accuracy 90%. Messages:
2024-05-04 02:10:12 INFO        | Found 1 entries for aladdin_register.write.
2024-05-04 02:10:12 INFO        | Checking entry "{'technology': '45nm', 'global_cycle_seconds': '1e-9', 'width|datawidth': '1', 'dynamic energy(pJ)': '0', 'area(um^2)': '5.98E+00', 'action': 'write', 'name': 'aladdin_register', 'area_scale': 1, 'energy_scale': 1, 'n_instances': 1}
2024-05-04 02:10:12 INFO        | value=0.0, matching_attrs=3, log=['Scaling width from 1 to 16', 'Scaling global_cycle_seconds from 1e-9 to 1e-09', 'Scaled aladdin_register.width from 1.0 to 16.0: 16.0x energy', 'Scaled aladdin_register.global_cycle_seconds from 1e-09 to 1e-09: 1x energy', 'aladdin_register energy has been scaled 16.0x']
2024-05-04 02:10:12 INFO        | Best-matching entry: {'technology': '45nm', 'global_cycle_seconds': '1e-9', 'width|datawidth': '1', 'dynamic energy(pJ)': '0', 'area(um^2)': '5.98E+00', 'action': 'write', 'name': 'aladdin_register', 'area_scale': 1, 'energy_scale': 1, 'n_instances': 1}
2024-05-04 02:10:12 INFO        | Scaling width from 1 to 16
2024-05-04 02:10:12 INFO        | Scaling global_cycle_seconds from 1e-9 to 1e-09
2024-05-04 02:10:12 INFO        | Scaled aladdin_register.width from 1.0 to 16.0: 16.0x energy
2024-05-04 02:10:12 INFO        | Scaled aladdin_register.global_cycle_seconds from 1e-09 to 1e-09: 1x energy
2024-05-04 02:10:12 INFO        | aladdin_register energy has been scaled 16.0x
2024-05-04 02:10:12 INFO        
2024-05-04 02:10:12 INFO        ENERGY ESTIMATION for aladdin_register(depth=1, width=16, datawidth=16, has_power_gating=False, n_banks=2, cluster_size=1, reduction_supported=True, multiple_buffering=1, min_utilization=0, allow_overbooking=False, meshX=16, meshY=16, technology=45nm, version=0.4, global_cycle_seconds=1e-09, action_latency_cycles=1, cycle_seconds=1e-09, n_instances=1).leak(global_cycle_seconds=1e-09, action_latency_cycles=1)
2024-05-04 02:10:12 INFO        Library estimated 0.0p with accuracy 90%. Messages:
2024-05-04 02:10:12 INFO        | Found 1 entries for aladdin_register.leak.
2024-05-04 02:10:12 INFO        | Checking entry "{'technology': '45nm', 'global_cycle_seconds': '1e-9', 'width|datawidth': '1', 'dynamic energy(pJ)': '0', 'area(um^2)': '5.98E+00', 'action': 'leak', 'name': 'aladdin_register', 'area_scale': 1, 'energy_scale': 1, 'n_instances': 1}
2024-05-04 02:10:12 INFO        | value=0.0, matching_attrs=3, log=['Scaling width from 1 to 16', 'Scaling global_cycle_seconds from 1e-9 to 1e-09', 'Scaled aladdin_register.width from 1.0 to 16.0: 16.0x leak', 'Scaled aladdin_register.global_cycle_seconds from 1e-09 to 1e-09: 1.0x leak', 'aladdin_register leak has been scaled 16.0x']
2024-05-04 02:10:12 INFO        | Best-matching entry: {'technology': '45nm', 'global_cycle_seconds': '1e-9', 'width|datawidth': '1', 'dynamic energy(pJ)': '0', 'area(um^2)': '5.98E+00', 'action': 'leak', 'name': 'aladdin_register', 'area_scale': 1, 'energy_scale': 1, 'n_instances': 1}
2024-05-04 02:10:12 INFO        | Scaling width from 1 to 16
2024-05-04 02:10:12 INFO        | Scaling global_cycle_seconds from 1e-9 to 1e-09
2024-05-04 02:10:12 INFO        | Scaled aladdin_register.width from 1.0 to 16.0: 16.0x leak
2024-05-04 02:10:12 INFO        | Scaled aladdin_register.global_cycle_seconds from 1e-09 to 1e-09: 1.0x leak
2024-05-04 02:10:12 INFO        | aladdin_register leak has been scaled 16.0x
2024-05-04 02:10:12 INFO        | Multiplying by n_instances 1
2024-05-04 02:10:12 INFO        
2024-05-04 02:10:12 INFO        ENERGY ESTIMATION for aladdin_register(depth=1, width=16, datawidth=16, has_power_gating=False, n_banks=2, cluster_size=1, reduction_supported=True, multiple_buffering=1, min_utilization=0, allow_overbooking=False, meshX=16, meshY=16, technology=45nm, version=0.4, global_cycle_seconds=1e-09, action_latency_cycles=1, cycle_seconds=1e-09, n_instances=1).read(global_cycle_seconds=1e-09, action_latency_cycles=1)
2024-05-04 02:10:12 INFO        Library estimated 0.144p with accuracy 90%. Messages:
2024-05-04 02:10:12 INFO        | Found 1 entries for aladdin_register.read.
2024-05-04 02:10:12 INFO        | Checking entry "{'technology': '45nm', 'global_cycle_seconds': '1e-9', 'width|datawidth': '1', 'dynamic energy(pJ)': '0.009', 'area(um^2)': '5.98E+00', 'action': 'read', 'name': 'aladdin_register', 'area_scale': 1, 'energy_scale': 1, 'n_instances': 1}
2024-05-04 02:10:12 INFO        | value=0.009, matching_attrs=3, log=['Scaling width from 1 to 16', 'Scaling global_cycle_seconds from 1e-9 to 1e-09', 'Scaled aladdin_register.width from 1.0 to 16.0: 16.0x energy', 'Scaled aladdin_register.global_cycle_seconds from 1e-09 to 1e-09: 1x energy', 'aladdin_register energy has been scaled 16.0x']
2024-05-04 02:10:12 INFO        | Best-matching entry: {'technology': '45nm', 'global_cycle_seconds': '1e-9', 'width|datawidth': '1', 'dynamic energy(pJ)': '0.009', 'area(um^2)': '5.98E+00', 'action': 'read', 'name': 'aladdin_register', 'area_scale': 1, 'energy_scale': 1, 'n_instances': 1}
2024-05-04 02:10:12 INFO        | Scaling width from 1 to 16
2024-05-04 02:10:12 INFO        | Scaling global_cycle_seconds from 1e-9 to 1e-09
2024-05-04 02:10:12 INFO        | Scaled aladdin_register.width from 1.0 to 16.0: 16.0x energy
2024-05-04 02:10:12 INFO        | Scaled aladdin_register.global_cycle_seconds from 1e-09 to 1e-09: 1x energy
2024-05-04 02:10:12 INFO        | aladdin_register energy has been scaled 16.0x
2024-05-04 02:10:12 INFO        
2024-05-04 02:10:12 INFO        ENERGY ESTIMATION for aladdin_register(depth=1, width=16, datawidth=16, has_power_gating=False, n_banks=2, cluster_size=1, reduction_supported=True, multiple_buffering=1, min_utilization=0, allow_overbooking=False, meshX=16, meshY=16, technology=45nm, version=0.4, global_cycle_seconds=1e-09, action_latency_cycles=1, cycle_seconds=1e-09, n_instances=1).update(global_cycle_seconds=1e-09, action_latency_cycles=1)
2024-05-04 02:10:12 INFO        Library estimated 0.0p with accuracy 90%. Messages:
2024-05-04 02:10:12 INFO        | Found 1 entries for aladdin_register.update.
2024-05-04 02:10:12 INFO        | Checking entry "{'technology': '45nm', 'global_cycle_seconds': '1e-9', 'width|datawidth': '1', 'dynamic energy(pJ)': '0', 'area(um^2)': '5.98E+00', 'action': 'update', 'name': 'aladdin_register', 'area_scale': 1, 'energy_scale': 1, 'n_instances': 1}
2024-05-04 02:10:12 INFO        | value=0.0, matching_attrs=3, log=['Scaling width from 1 to 16', 'Scaling global_cycle_seconds from 1e-9 to 1e-09', 'Scaled aladdin_register.width from 1.0 to 16.0: 16.0x energy', 'Scaled aladdin_register.global_cycle_seconds from 1e-09 to 1e-09: 1x energy', 'aladdin_register energy has been scaled 16.0x']
2024-05-04 02:10:12 INFO        | Best-matching entry: {'technology': '45nm', 'global_cycle_seconds': '1e-9', 'width|datawidth': '1', 'dynamic energy(pJ)': '0', 'area(um^2)': '5.98E+00', 'action': 'update', 'name': 'aladdin_register', 'area_scale': 1, 'energy_scale': 1, 'n_instances': 1}
2024-05-04 02:10:12 INFO        | Scaling width from 1 to 16
2024-05-04 02:10:12 INFO        | Scaling global_cycle_seconds from 1e-9 to 1e-09
2024-05-04 02:10:12 INFO        | Scaled aladdin_register.width from 1.0 to 16.0: 16.0x energy
2024-05-04 02:10:12 INFO        | Scaled aladdin_register.global_cycle_seconds from 1e-09 to 1e-09: 1x energy
2024-05-04 02:10:12 INFO        | aladdin_register energy has been scaled 16.0x
2024-05-04 02:10:12 INFO        
2024-05-04 02:10:12 INFO        ENERGY ESTIMATION for aladdin_register(depth=1, width=16, datawidth=16, has_power_gating=False, n_banks=2, cluster_size=1, reduction_supported=True, multiple_buffering=1, min_utilization=0, allow_overbooking=False, meshX=16, meshY=16, technology=45nm, version=0.4, global_cycle_seconds=1e-09, action_latency_cycles=1, cycle_seconds=1e-09, n_instances=1).write(global_cycle_seconds=1e-09, action_latency_cycles=1)
2024-05-04 02:10:12 INFO        Library estimated 0.0p with accuracy 90%. Messages:
2024-05-04 02:10:12 INFO        | Found 1 entries for aladdin_register.write.
2024-05-04 02:10:12 INFO        | Checking entry "{'technology': '45nm', 'global_cycle_seconds': '1e-9', 'width|datawidth': '1', 'dynamic energy(pJ)': '0', 'area(um^2)': '5.98E+00', 'action': 'write', 'name': 'aladdin_register', 'area_scale': 1, 'energy_scale': 1, 'n_instances': 1}
2024-05-04 02:10:12 INFO        | value=0.0, matching_attrs=3, log=['Scaling width from 1 to 16', 'Scaling global_cycle_seconds from 1e-9 to 1e-09', 'Scaled aladdin_register.width from 1.0 to 16.0: 16.0x energy', 'Scaled aladdin_register.global_cycle_seconds from 1e-09 to 1e-09: 1x energy', 'aladdin_register energy has been scaled 16.0x']
2024-05-04 02:10:12 INFO        | Best-matching entry: {'technology': '45nm', 'global_cycle_seconds': '1e-9', 'width|datawidth': '1', 'dynamic energy(pJ)': '0', 'area(um^2)': '5.98E+00', 'action': 'write', 'name': 'aladdin_register', 'area_scale': 1, 'energy_scale': 1, 'n_instances': 1}
2024-05-04 02:10:12 INFO        | Scaling width from 1 to 16
2024-05-04 02:10:12 INFO        | Scaling global_cycle_seconds from 1e-9 to 1e-09
2024-05-04 02:10:12 INFO        | Scaled aladdin_register.width from 1.0 to 16.0: 16.0x energy
2024-05-04 02:10:12 INFO        | Scaled aladdin_register.global_cycle_seconds from 1e-09 to 1e-09: 1x energy
2024-05-04 02:10:12 INFO        | aladdin_register energy has been scaled 16.0x
2024-05-04 02:10:12 INFO        
2024-05-04 02:10:12 INFO        ENERGY ESTIMATION for SRAM(width=64, depth=16384, n_rw_ports=1, technology=45nm, global_cycle_seconds=1e-09, action_latency_cycles=1, cycle_seconds=1e-09, n_instances=1).write(global_cycle_seconds=1e-09, action_latency_cycles=1, cycle_seconds=1e-09, technology=45nm, n_instances=1)
2024-05-04 02:10:28 INFO        CactiSRAM estimated 2.6065000000000003e-11 with accuracy 80%. Messages:
2024-05-04 02:10:29 INFO        | Unused arguments (global_cycle_seconds, action_latency_cycles, cycle_seconds, n_instances) provided for ['SRAM', 'sram'].__init__. Arguments used: (width, depth, n_rw_ports, technology)
2024-05-04 02:10:29 INFO        | Unused arguments (global_cycle_seconds, action_latency_cycles, cycle_seconds, technology, n_instances) provided for ['SRAM', 'sram'].write. Arguments used: ()
2024-05-04 02:10:29 INFO        | Calling CACTI with cache_size=131072 n_rw_ports=1 block_size=8 tech_node_um=0.045 n_banks=1 tag_size=0 associativity=1
2024-05-04 02:10:29 INFO        | Calling CACTI with input path /usr/local/share/accelergy/estimation_plug_ins/accelergy-cacti-plug-in/cacti_inputs_outputs/tmp2kx4mqq9
2024-05-04 02:10:29 INFO        | CACTI output will be written to /usr/local/share/accelergy/estimation_plug_ins/accelergy-cacti-plug-in/cacti_inputs_outputs/tmpds8fc3xq
2024-05-04 02:10:29 INFO        | CACTI executable not found at /usr/local/share/accelergy/estimation_plug_ins/accelergy-cacti-plug-in/cacti/cacti
2024-05-04 02:10:29 INFO        | Calling: cd /usr/local/share/accelergy/estimation_plug_ins/accelergy-cacti-plug-in ; ./cacti -infile /usr/local/share/accelergy/estimation_plug_ins/accelergy-cacti-plug-in/cacti_inputs_outputs/tmp2kx4mqq9 >> /usr/local/share/accelergy/estimation_plug_ins/accelergy-cacti-plug-in/cacti_inputs_outputs/tmpds8fc3xq 2>&1
2024-05-04 02:10:29 INFO        | Cache bandwidth: 8.0 bits/cycle
2024-05-04 02:10:29 INFO        | Cache bandwidth: 38.765559223477396 Gbits/second
2024-05-04 02:10:29 INFO        
2024-05-04 02:10:29 INFO        ENERGY ESTIMATION for intadder(n_bits=14, precision=14, datawidth=14, global_cycle_seconds=1e-09, action_latency_cycles=1, cycle_seconds=1e-09, technology=45nm, n_instances=1).add(global_cycle_seconds=1e-09, action_latency_cycles=1, cycle_seconds=1e-09, technology=45nm, n_instances=1)
2024-05-04 02:10:29 INFO        Neurosim Plug-In estimated 0.05655207999999999p with accuracy 70%. Messages:
2024-05-04 02:10:29 INFO        | WARN: Non-numeric 45nm for parameter technology. Using 45 instead.
2024-05-04 02:10:29 INFO        | Building a crossbar with cell file /usr/local/share/accelergy/estimation_plug_ins/accelergy-neurosim-plugin/cells/placeholder.cell
2024-05-04 02:10:29 INFO        | Neurosim Plugin parsing cell file...
2024-05-04 02:10:29 INFO        | 	Failed to calculate "widthSRAMCellNMOS:". Ignore if this value is not needed.
2024-05-04 02:10:29 INFO        | 		Could not find -SRAMCellNMOSWidth (F): in cell file.
2024-05-04 02:10:29 INFO        | 	Failed to calculate "widthSRAMCellPMOS:". Ignore if this value is not needed.
2024-05-04 02:10:29 INFO        | 		Could not find -SRAMCellPMOSWidth (F): in cell file.
2024-05-04 02:10:29 INFO        | 	Failed to calculate "minSenseVoltage:". Ignore if this value is not needed.
2024-05-04 02:10:29 INFO        | 		Could not find -MinSenseVoltage (mV): in cell file.
2024-05-04 02:10:29 INFO        | 	Failed to calculate "accessTransistorResistance:". Ignore if this value is not needed.
2024-05-04 02:10:29 INFO        | 		Could not find -AccessTransistorResistance (ohm): in cell file.
2024-05-04 02:10:29 INFO        | 	Failed to calculate "WriteVoltage:". Ignore if this value is not needed.
2024-05-04 02:10:29 INFO        | 		Could not find -WriteVoltage (V): in cell file.
2024-05-04 02:10:29 INFO        | 	Failed to calculate "SET_CURRENT". Ignore if this value is not needed.
2024-05-04 02:10:29 INFO        | 		Could not find -SetCurrent (uA): in cell file.
2024-05-04 02:10:29 INFO        | 	Failed to calculate "SET_POWER". Ignore if this value is not needed.
2024-05-04 02:10:29 INFO        | 		Could not find -SetPower (uW): in cell file.
2024-05-04 02:10:29 INFO        | 	Failed to calculate "READ_CURRENT". Ignore if this value is not needed.
2024-05-04 02:10:29 INFO        | 		Could not find -ReadCurrent (uA): in cell file.
2024-05-04 02:10:29 INFO        | 	Failed to calculate "READ_ENERGY". Ignore if this value is not needed.
2024-05-04 02:10:29 INFO        | 		Could not find -ReadEnergy (pJ): in cell file.
2024-05-04 02:10:29 INFO        | 	Failed to calculate "cellCapacitanceMultiplier:". Ignore if this value is not needed.
2024-05-04 02:10:29 INFO        | 		Could not find -CellCapacitanceMultiplier: in cell file.
2024-05-04 02:10:29 INFO        | 	Failed to calculate "cellCapacitanceAdjust:". Ignore if this value is not needed.
2024-05-04 02:10:29 INFO        | 		Could not find -CellCapacitanceAdjust (F): in cell file.
2024-05-04 02:10:29 INFO        | 	Failed to calculate "deviceRoadmap:". Ignore if this value is not needed.
2024-05-04 02:10:29 INFO        | 		Could not find -DeviceRoadmap -1LP 1HP 2LSTP: in cell file.
2024-05-04 02:10:29 INFO        | Running /usr/local/share/accelergy/estimation_plug_ins/accelergy-neurosim-plugin/NeuroSim/main /usr/local/share/accelergy/estimation_plug_ins/accelergy-neurosim-plugin/neurosim_input_28536.cfg
2024-05-04 02:10:29 INFO        | Crossbar minimum latency is 2.808 ns to read 8.0 columns at once.
2024-05-04 02:10:29 INFO        
2024-05-04 02:10:29 INFO        ENERGY ESTIMATION for SRAM(width=64, depth=16384, n_rw_ports=1, technology=45nm, global_cycle_seconds=1e-09, action_latency_cycles=1, cycle_seconds=1e-09, n_instances=1).read(global_cycle_seconds=1e-09, action_latency_cycles=1, cycle_seconds=1e-09, technology=45nm, n_instances=1)
2024-05-04 02:10:43 INFO        CactiSRAM estimated 3.2285900000000004e-11 with accuracy 80%. Messages:
2024-05-04 02:10:43 INFO        | Unused arguments (global_cycle_seconds, action_latency_cycles, cycle_seconds, n_instances) provided for ['SRAM', 'sram'].__init__. Arguments used: (width, depth, n_rw_ports, technology)
2024-05-04 02:10:43 INFO        | Unused arguments (global_cycle_seconds, action_latency_cycles, cycle_seconds, technology, n_instances) provided for ['SRAM', 'sram'].read. Arguments used: ()
2024-05-04 02:10:43 INFO        | Calling CACTI with cache_size=131072 n_rw_ports=1 block_size=8 tech_node_um=0.045 n_banks=1 tag_size=0 associativity=1
2024-05-04 02:10:43 INFO        | Calling CACTI with input path /usr/local/share/accelergy/estimation_plug_ins/accelergy-cacti-plug-in/cacti_inputs_outputs/tmpwld4yzfi
2024-05-04 02:10:43 INFO        | CACTI output will be written to /usr/local/share/accelergy/estimation_plug_ins/accelergy-cacti-plug-in/cacti_inputs_outputs/tmpd41kxo_5
2024-05-04 02:10:43 INFO        | CACTI executable not found at /usr/local/share/accelergy/estimation_plug_ins/accelergy-cacti-plug-in/cacti/cacti
2024-05-04 02:10:43 INFO        | Calling: cd /usr/local/share/accelergy/estimation_plug_ins/accelergy-cacti-plug-in ; ./cacti -infile /usr/local/share/accelergy/estimation_plug_ins/accelergy-cacti-plug-in/cacti_inputs_outputs/tmpwld4yzfi >> /usr/local/share/accelergy/estimation_plug_ins/accelergy-cacti-plug-in/cacti_inputs_outputs/tmpd41kxo_5 2>&1
2024-05-04 02:10:43 INFO        | Cache bandwidth: 8.0 bits/cycle
2024-05-04 02:10:43 INFO        | Cache bandwidth: 38.765559223477396 Gbits/second
2024-05-04 02:10:43 INFO        
2024-05-04 02:10:43 INFO        ENERGY ESTIMATION for intadder(n_bits=14, precision=14, datawidth=14, global_cycle_seconds=1e-09, action_latency_cycles=1, cycle_seconds=1e-09, technology=45nm, n_instances=1).add(global_cycle_seconds=1e-09, action_latency_cycles=1, cycle_seconds=1e-09, technology=45nm, n_instances=1)
2024-05-04 02:10:43 INFO        Neurosim Plug-In estimated 0.05655207999999999p with accuracy 70%. Messages:
2024-05-04 02:10:43 INFO        | WARN: Non-numeric 45nm for parameter technology. Using 45 instead.
2024-05-04 02:10:43 INFO        
2024-05-04 02:10:43 INFO        ENERGY ESTIMATION for SRAM(width=64, depth=16384, n_rw_ports=1, technology=45nm, global_cycle_seconds=1e-09, action_latency_cycles=1, cycle_seconds=1e-09, n_instances=1).leak(global_cycle_seconds=1e-09, action_latency_cycles=1, cycle_seconds=1e-09, technology=45nm, n_instances=1)
2024-05-04 02:10:56 INFO        CactiSRAM estimated 3.34055e-15 with accuracy 80%. Messages:
2024-05-04 02:10:56 INFO        | Unused arguments (global_cycle_seconds, action_latency_cycles, cycle_seconds, n_instances) provided for ['SRAM', 'sram'].__init__. Arguments used: (width, depth, n_rw_ports, technology)
2024-05-04 02:10:56 INFO        | Unused arguments (action_latency_cycles, cycle_seconds, technology, n_instances) provided for ['SRAM', 'sram'].leak. Arguments used: (global_cycle_seconds)
2024-05-04 02:10:56 INFO        | Calling CACTI with cache_size=131072 n_rw_ports=1 block_size=8 tech_node_um=0.045 n_banks=1 tag_size=0 associativity=1
2024-05-04 02:10:56 INFO        | Calling CACTI with input path /usr/local/share/accelergy/estimation_plug_ins/accelergy-cacti-plug-in/cacti_inputs_outputs/tmpgkbmhglf
2024-05-04 02:10:56 INFO        | CACTI output will be written to /usr/local/share/accelergy/estimation_plug_ins/accelergy-cacti-plug-in/cacti_inputs_outputs/tmpbvvs50jy
2024-05-04 02:10:56 INFO        | CACTI executable not found at /usr/local/share/accelergy/estimation_plug_ins/accelergy-cacti-plug-in/cacti/cacti
2024-05-04 02:10:56 INFO        | Calling: cd /usr/local/share/accelergy/estimation_plug_ins/accelergy-cacti-plug-in ; ./cacti -infile /usr/local/share/accelergy/estimation_plug_ins/accelergy-cacti-plug-in/cacti_inputs_outputs/tmpgkbmhglf >> /usr/local/share/accelergy/estimation_plug_ins/accelergy-cacti-plug-in/cacti_inputs_outputs/tmpbvvs50jy 2>&1
2024-05-04 02:10:56 INFO        | Cache bandwidth: 8.0 bits/cycle
2024-05-04 02:10:56 INFO        | Cache bandwidth: 38.765559223477396 Gbits/second
2024-05-04 02:10:56 INFO        | Global cycle time 1e-09 is less than the cache's random cycle time 1.65095
2024-05-04 02:10:56 INFO        | Multiplying by n_instances 1
2024-05-04 02:10:56 INFO        
2024-05-04 02:10:56 INFO        ENERGY ESTIMATION for intadder(n_bits=14, precision=14, datawidth=14, global_cycle_seconds=1e-09, action_latency_cycles=1, cycle_seconds=1e-09, technology=45nm, n_instances=1).leak(global_cycle_seconds=1e-09, action_latency_cycles=1, cycle_seconds=1e-09, technology=45nm, n_instances=1)
2024-05-04 02:10:56 INFO        Neurosim Plug-In estimated 5.182512000000001e-06p with accuracy 70%. Messages:
2024-05-04 02:10:56 INFO        | WARN: Non-numeric 45nm for parameter technology. Using 45 instead.
2024-05-04 02:10:56 INFO        | Multiplying by n_instances 1
2024-05-04 02:10:56 INFO        
2024-05-04 02:10:56 INFO        ENERGY ESTIMATION for SRAM(width=64, depth=16384, n_rw_ports=1, technology=45nm, global_cycle_seconds=1e-09, action_latency_cycles=1, cycle_seconds=1e-09, n_instances=1).write(global_cycle_seconds=1e-09, action_latency_cycles=1, cycle_seconds=1e-09, technology=45nm, n_instances=1)
2024-05-04 02:11:10 INFO        CactiSRAM estimated 2.6065000000000003e-11 with accuracy 80%. Messages:
2024-05-04 02:11:10 INFO        | Unused arguments (global_cycle_seconds, action_latency_cycles, cycle_seconds, n_instances) provided for ['SRAM', 'sram'].__init__. Arguments used: (width, depth, n_rw_ports, technology)
2024-05-04 02:11:10 INFO        | Unused arguments (global_cycle_seconds, action_latency_cycles, cycle_seconds, technology, n_instances) provided for ['SRAM', 'sram'].write. Arguments used: ()
2024-05-04 02:11:10 INFO        | Calling CACTI with cache_size=131072 n_rw_ports=1 block_size=8 tech_node_um=0.045 n_banks=1 tag_size=0 associativity=1
2024-05-04 02:11:10 INFO        | Calling CACTI with input path /usr/local/share/accelergy/estimation_plug_ins/accelergy-cacti-plug-in/cacti_inputs_outputs/tmpba_9d73s
2024-05-04 02:11:10 INFO        | CACTI output will be written to /usr/local/share/accelergy/estimation_plug_ins/accelergy-cacti-plug-in/cacti_inputs_outputs/tmpibuhl7h0
2024-05-04 02:11:10 INFO        | CACTI executable not found at /usr/local/share/accelergy/estimation_plug_ins/accelergy-cacti-plug-in/cacti/cacti
2024-05-04 02:11:10 INFO        | Calling: cd /usr/local/share/accelergy/estimation_plug_ins/accelergy-cacti-plug-in ; ./cacti -infile /usr/local/share/accelergy/estimation_plug_ins/accelergy-cacti-plug-in/cacti_inputs_outputs/tmpba_9d73s >> /usr/local/share/accelergy/estimation_plug_ins/accelergy-cacti-plug-in/cacti_inputs_outputs/tmpibuhl7h0 2>&1
2024-05-04 02:11:10 INFO        | Cache bandwidth: 8.0 bits/cycle
2024-05-04 02:11:10 INFO        | Cache bandwidth: 38.765559223477396 Gbits/second
2024-05-04 02:11:10 INFO        
2024-05-04 02:11:10 INFO        ENERGY ESTIMATION for intadder(n_bits=14, precision=14, datawidth=14, global_cycle_seconds=1e-09, action_latency_cycles=1, cycle_seconds=1e-09, technology=45nm, n_instances=1).add(global_cycle_seconds=1e-09, action_latency_cycles=1, cycle_seconds=1e-09, technology=45nm, n_instances=1)
2024-05-04 02:11:10 INFO        Neurosim Plug-In estimated 0.05655207999999999p with accuracy 70%. Messages:
2024-05-04 02:11:10 INFO        | WARN: Non-numeric 45nm for parameter technology. Using 45 instead.
2024-05-04 02:11:10 INFO        
2024-05-04 02:11:10 INFO        ENERGY ESTIMATION for SRAM(width=16, depth=192, n_rw_ports=1, technology=45nm, global_cycle_seconds=1e-09, action_latency_cycles=1, cycle_seconds=1e-09, n_instances=1).write(global_cycle_seconds=1e-09, action_latency_cycles=1, cycle_seconds=1e-09, technology=45nm, n_instances=1)
2024-05-04 02:11:11 INFO        CactiSRAM estimated 1.530178e-12 with accuracy 80%. Messages:
2024-05-04 02:11:11 INFO        | Unused arguments (global_cycle_seconds, action_latency_cycles, cycle_seconds, n_instances) provided for ['SRAM', 'sram'].__init__. Arguments used: (width, depth, n_rw_ports, technology)
2024-05-04 02:11:11 INFO        | Unused arguments (global_cycle_seconds, action_latency_cycles, cycle_seconds, technology, n_instances) provided for ['SRAM', 'sram'].write. Arguments used: ()
2024-05-04 02:11:11 INFO        | Calling CACTI with cache_size=768 n_rw_ports=1 block_size=4 tech_node_um=0.045 n_banks=1 tag_size=0 associativity=1
2024-05-04 02:11:11 INFO        | Calling CACTI with input path /usr/local/share/accelergy/estimation_plug_ins/accelergy-cacti-plug-in/cacti_inputs_outputs/tmpd16m0ue7
2024-05-04 02:11:11 INFO        | CACTI output will be written to /usr/local/share/accelergy/estimation_plug_ins/accelergy-cacti-plug-in/cacti_inputs_outputs/tmp6m5_0kc_
2024-05-04 02:11:11 INFO        | CACTI executable not found at /usr/local/share/accelergy/estimation_plug_ins/accelergy-cacti-plug-in/cacti/cacti
2024-05-04 02:11:11 INFO        | Calling: cd /usr/local/share/accelergy/estimation_plug_ins/accelergy-cacti-plug-in ; ./cacti -infile /usr/local/share/accelergy/estimation_plug_ins/accelergy-cacti-plug-in/cacti_inputs_outputs/tmpd16m0ue7 >> /usr/local/share/accelergy/estimation_plug_ins/accelergy-cacti-plug-in/cacti_inputs_outputs/tmp6m5_0kc_ 2>&1
2024-05-04 02:11:11 INFO        | Cache bandwidth: 2.0 bits/cycle
2024-05-04 02:11:11 INFO        | Cache bandwidth: 26.452489675262623 Gbits/second
2024-05-04 02:11:11 INFO        
2024-05-04 02:11:11 INFO        ENERGY ESTIMATION for intadder(n_bits=8, precision=8, datawidth=8, global_cycle_seconds=1e-09, action_latency_cycles=1, cycle_seconds=1e-09, technology=45nm, n_instances=1).add(global_cycle_seconds=1e-09, action_latency_cycles=1, cycle_seconds=1e-09, technology=45nm, n_instances=1)
2024-05-04 02:11:11 INFO        Neurosim Plug-In estimated 0.03243378p with accuracy 70%. Messages:
2024-05-04 02:11:11 INFO        | WARN: Non-numeric 45nm for parameter technology. Using 45 instead.
2024-05-04 02:11:11 INFO        | Building a crossbar with cell file /usr/local/share/accelergy/estimation_plug_ins/accelergy-neurosim-plugin/cells/placeholder.cell
2024-05-04 02:11:11 INFO        | Neurosim Plugin parsing cell file...
2024-05-04 02:11:11 INFO        | 	Failed to calculate "widthSRAMCellNMOS:". Ignore if this value is not needed.
2024-05-04 02:11:11 INFO        | 		Could not find -SRAMCellNMOSWidth (F): in cell file.
2024-05-04 02:11:11 INFO        | 	Failed to calculate "widthSRAMCellPMOS:". Ignore if this value is not needed.
2024-05-04 02:11:11 INFO        | 		Could not find -SRAMCellPMOSWidth (F): in cell file.
2024-05-04 02:11:11 INFO        | 	Failed to calculate "minSenseVoltage:". Ignore if this value is not needed.
2024-05-04 02:11:11 INFO        | 		Could not find -MinSenseVoltage (mV): in cell file.
2024-05-04 02:11:11 INFO        | 	Failed to calculate "accessTransistorResistance:". Ignore if this value is not needed.
2024-05-04 02:11:11 INFO        | 		Could not find -AccessTransistorResistance (ohm): in cell file.
2024-05-04 02:11:11 INFO        | 	Failed to calculate "WriteVoltage:". Ignore if this value is not needed.
2024-05-04 02:11:11 INFO        | 		Could not find -WriteVoltage (V): in cell file.
2024-05-04 02:11:11 INFO        | 	Failed to calculate "SET_CURRENT". Ignore if this value is not needed.
2024-05-04 02:11:11 INFO        | 		Could not find -SetCurrent (uA): in cell file.
2024-05-04 02:11:11 INFO        | 	Failed to calculate "SET_POWER". Ignore if this value is not needed.
2024-05-04 02:11:11 INFO        | 		Could not find -SetPower (uW): in cell file.
2024-05-04 02:11:11 INFO        | 	Failed to calculate "READ_CURRENT". Ignore if this value is not needed.
2024-05-04 02:11:11 INFO        | 		Could not find -ReadCurrent (uA): in cell file.
2024-05-04 02:11:11 INFO        | 	Failed to calculate "READ_ENERGY". Ignore if this value is not needed.
2024-05-04 02:11:11 INFO        | 		Could not find -ReadEnergy (pJ): in cell file.
2024-05-04 02:11:11 INFO        | 	Failed to calculate "cellCapacitanceMultiplier:". Ignore if this value is not needed.
2024-05-04 02:11:11 INFO        | 		Could not find -CellCapacitanceMultiplier: in cell file.
2024-05-04 02:11:11 INFO        | 	Failed to calculate "cellCapacitanceAdjust:". Ignore if this value is not needed.
2024-05-04 02:11:11 INFO        | 		Could not find -CellCapacitanceAdjust (F): in cell file.
2024-05-04 02:11:11 INFO        | 	Failed to calculate "deviceRoadmap:". Ignore if this value is not needed.
2024-05-04 02:11:11 INFO        | 		Could not find -DeviceRoadmap -1LP 1HP 2LSTP: in cell file.
2024-05-04 02:11:11 INFO        | Running /usr/local/share/accelergy/estimation_plug_ins/accelergy-neurosim-plugin/NeuroSim/main /usr/local/share/accelergy/estimation_plug_ins/accelergy-neurosim-plugin/neurosim_input_28536.cfg
2024-05-04 02:11:11 INFO        | Crossbar minimum latency is 2.808 ns to read 8.0 columns at once.
2024-05-04 02:11:11 INFO        
2024-05-04 02:11:11 INFO        ENERGY ESTIMATION for SRAM(width=16, depth=192, n_rw_ports=1, technology=45nm, global_cycle_seconds=1e-09, action_latency_cycles=1, cycle_seconds=1e-09, n_instances=1).read(global_cycle_seconds=1e-09, action_latency_cycles=1, cycle_seconds=1e-09, technology=45nm, n_instances=1)
2024-05-04 02:11:12 INFO        CactiSRAM estimated 6.277368499999999e-13 with accuracy 80%. Messages:
2024-05-04 02:11:12 INFO        | Unused arguments (global_cycle_seconds, action_latency_cycles, cycle_seconds, n_instances) provided for ['SRAM', 'sram'].__init__. Arguments used: (width, depth, n_rw_ports, technology)
2024-05-04 02:11:12 INFO        | Unused arguments (global_cycle_seconds, action_latency_cycles, cycle_seconds, technology, n_instances) provided for ['SRAM', 'sram'].read. Arguments used: ()
2024-05-04 02:11:12 INFO        | Calling CACTI with cache_size=768 n_rw_ports=1 block_size=4 tech_node_um=0.045 n_banks=1 tag_size=0 associativity=1
2024-05-04 02:11:12 INFO        | Calling CACTI with input path /usr/local/share/accelergy/estimation_plug_ins/accelergy-cacti-plug-in/cacti_inputs_outputs/tmpqcukvgjd
2024-05-04 02:11:12 INFO        | CACTI output will be written to /usr/local/share/accelergy/estimation_plug_ins/accelergy-cacti-plug-in/cacti_inputs_outputs/tmpph8_lj43
2024-05-04 02:11:12 INFO        | CACTI executable not found at /usr/local/share/accelergy/estimation_plug_ins/accelergy-cacti-plug-in/cacti/cacti
2024-05-04 02:11:12 INFO        | Calling: cd /usr/local/share/accelergy/estimation_plug_ins/accelergy-cacti-plug-in ; ./cacti -infile /usr/local/share/accelergy/estimation_plug_ins/accelergy-cacti-plug-in/cacti_inputs_outputs/tmpqcukvgjd >> /usr/local/share/accelergy/estimation_plug_ins/accelergy-cacti-plug-in/cacti_inputs_outputs/tmpph8_lj43 2>&1
2024-05-04 02:11:12 INFO        | Cache bandwidth: 2.0 bits/cycle
2024-05-04 02:11:12 INFO        | Cache bandwidth: 26.452489675262623 Gbits/second
2024-05-04 02:11:12 INFO        
2024-05-04 02:11:12 INFO        ENERGY ESTIMATION for intadder(n_bits=8, precision=8, datawidth=8, global_cycle_seconds=1e-09, action_latency_cycles=1, cycle_seconds=1e-09, technology=45nm, n_instances=1).add(global_cycle_seconds=1e-09, action_latency_cycles=1, cycle_seconds=1e-09, technology=45nm, n_instances=1)
2024-05-04 02:11:12 INFO        Neurosim Plug-In estimated 0.03243378p with accuracy 70%. Messages:
2024-05-04 02:11:12 INFO        | WARN: Non-numeric 45nm for parameter technology. Using 45 instead.
2024-05-04 02:11:12 INFO        
2024-05-04 02:11:12 INFO        ENERGY ESTIMATION for SRAM(width=16, depth=192, n_rw_ports=1, technology=45nm, global_cycle_seconds=1e-09, action_latency_cycles=1, cycle_seconds=1e-09, n_instances=1).leak(global_cycle_seconds=1e-09, action_latency_cycles=1, cycle_seconds=1e-09, technology=45nm, n_instances=1)
2024-05-04 02:11:13 INFO        CactiSRAM estimated 1.525495e-17 with accuracy 80%. Messages:
2024-05-04 02:11:13 INFO        | Unused arguments (global_cycle_seconds, action_latency_cycles, cycle_seconds, n_instances) provided for ['SRAM', 'sram'].__init__. Arguments used: (width, depth, n_rw_ports, technology)
2024-05-04 02:11:13 INFO        | Unused arguments (action_latency_cycles, cycle_seconds, technology, n_instances) provided for ['SRAM', 'sram'].leak. Arguments used: (global_cycle_seconds)
2024-05-04 02:11:13 INFO        | Calling CACTI with cache_size=768 n_rw_ports=1 block_size=4 tech_node_um=0.045 n_banks=1 tag_size=0 associativity=1
2024-05-04 02:11:13 INFO        | Calling CACTI with input path /usr/local/share/accelergy/estimation_plug_ins/accelergy-cacti-plug-in/cacti_inputs_outputs/tmpyv0fmih9
2024-05-04 02:11:13 INFO        | CACTI output will be written to /usr/local/share/accelergy/estimation_plug_ins/accelergy-cacti-plug-in/cacti_inputs_outputs/tmpon4wnw6g
2024-05-04 02:11:13 INFO        | CACTI executable not found at /usr/local/share/accelergy/estimation_plug_ins/accelergy-cacti-plug-in/cacti/cacti
2024-05-04 02:11:13 INFO        | Calling: cd /usr/local/share/accelergy/estimation_plug_ins/accelergy-cacti-plug-in ; ./cacti -infile /usr/local/share/accelergy/estimation_plug_ins/accelergy-cacti-plug-in/cacti_inputs_outputs/tmpyv0fmih9 >> /usr/local/share/accelergy/estimation_plug_ins/accelergy-cacti-plug-in/cacti_inputs_outputs/tmpon4wnw6g 2>&1
2024-05-04 02:11:13 INFO        | Cache bandwidth: 2.0 bits/cycle
2024-05-04 02:11:13 INFO        | Cache bandwidth: 26.452489675262623 Gbits/second
2024-05-04 02:11:13 INFO        | Global cycle time 1e-09 is less than the cache's random cycle time 0.604858
2024-05-04 02:11:13 INFO        | Multiplying by n_instances 1
2024-05-04 02:11:13 INFO        
2024-05-04 02:11:13 INFO        ENERGY ESTIMATION for intadder(n_bits=8, precision=8, datawidth=8, global_cycle_seconds=1e-09, action_latency_cycles=1, cycle_seconds=1e-09, technology=45nm, n_instances=1).leak(global_cycle_seconds=1e-09, action_latency_cycles=1, cycle_seconds=1e-09, technology=45nm, n_instances=1)
2024-05-04 02:11:13 INFO        Neurosim Plug-In estimated 2.9614360000000003e-06p with accuracy 70%. Messages:
2024-05-04 02:11:13 INFO        | WARN: Non-numeric 45nm for parameter technology. Using 45 instead.
2024-05-04 02:11:13 INFO        | Multiplying by n_instances 1
2024-05-04 02:11:13 INFO        
2024-05-04 02:11:13 INFO        ENERGY ESTIMATION for SRAM(width=16, depth=192, n_rw_ports=1, technology=45nm, global_cycle_seconds=1e-09, action_latency_cycles=1, cycle_seconds=1e-09, n_instances=1).write(global_cycle_seconds=1e-09, action_latency_cycles=1, cycle_seconds=1e-09, technology=45nm, n_instances=1)
2024-05-04 02:11:15 INFO        CactiSRAM estimated 1.530178e-12 with accuracy 80%. Messages:
2024-05-04 02:11:15 INFO        | Unused arguments (global_cycle_seconds, action_latency_cycles, cycle_seconds, n_instances) provided for ['SRAM', 'sram'].__init__. Arguments used: (width, depth, n_rw_ports, technology)
2024-05-04 02:11:15 INFO        | Unused arguments (global_cycle_seconds, action_latency_cycles, cycle_seconds, technology, n_instances) provided for ['SRAM', 'sram'].write. Arguments used: ()
2024-05-04 02:11:15 INFO        | Calling CACTI with cache_size=768 n_rw_ports=1 block_size=4 tech_node_um=0.045 n_banks=1 tag_size=0 associativity=1
2024-05-04 02:11:15 INFO        | Calling CACTI with input path /usr/local/share/accelergy/estimation_plug_ins/accelergy-cacti-plug-in/cacti_inputs_outputs/tmph83sd56h
2024-05-04 02:11:15 INFO        | CACTI output will be written to /usr/local/share/accelergy/estimation_plug_ins/accelergy-cacti-plug-in/cacti_inputs_outputs/tmphes9s7zk
2024-05-04 02:11:15 INFO        | CACTI executable not found at /usr/local/share/accelergy/estimation_plug_ins/accelergy-cacti-plug-in/cacti/cacti
2024-05-04 02:11:15 INFO        | Calling: cd /usr/local/share/accelergy/estimation_plug_ins/accelergy-cacti-plug-in ; ./cacti -infile /usr/local/share/accelergy/estimation_plug_ins/accelergy-cacti-plug-in/cacti_inputs_outputs/tmph83sd56h >> /usr/local/share/accelergy/estimation_plug_ins/accelergy-cacti-plug-in/cacti_inputs_outputs/tmphes9s7zk 2>&1
2024-05-04 02:11:15 INFO        | Cache bandwidth: 2.0 bits/cycle
2024-05-04 02:11:15 INFO        | Cache bandwidth: 26.452489675262623 Gbits/second
2024-05-04 02:11:15 INFO        
2024-05-04 02:11:15 INFO        ENERGY ESTIMATION for intadder(n_bits=8, precision=8, datawidth=8, global_cycle_seconds=1e-09, action_latency_cycles=1, cycle_seconds=1e-09, technology=45nm, n_instances=1).add(global_cycle_seconds=1e-09, action_latency_cycles=1, cycle_seconds=1e-09, technology=45nm, n_instances=1)
2024-05-04 02:11:15 INFO        Neurosim Plug-In estimated 0.03243378p with accuracy 70%. Messages:
2024-05-04 02:11:15 INFO        | WARN: Non-numeric 45nm for parameter technology. Using 45 instead.
2024-05-04 02:11:15 INFO        
2024-05-04 02:11:15 INFO        ENERGY ESTIMATION for aladdin_adder(width=16, global_cycle_seconds=1e-09, action_latency_cycles=1, cycle_seconds=1e-09, technology=45nm, n_instances=1).read(global_cycle_seconds=1e-09, action_latency_cycles=1, cycle_seconds=1e-09, technology=45nm, n_instances=1)
2024-05-04 02:11:15 INFO        Library estimated 0.105p with accuracy 90%. Messages:
2024-05-04 02:11:15 INFO        | Found 1 entries for aladdin_adder.read.
2024-05-04 02:11:15 INFO        | Checking entry "{'technology': '45nm', 'global_cycle_seconds': '1e-9', 'width|datawidth': '32', 'energy': '0.21', 'area': '2.78E+02', 'action': 'read', 'name': 'aladdin_adder', 'area_scale': 1, 'energy_scale': 1, 'n_instances': 1}
2024-05-04 02:11:15 INFO        | value=0.21, matching_attrs=3, log=['Scaling width from 32 to 16', 'Scaling global_cycle_seconds from 1e-9 to 1e-09', 'Scaled aladdin_adder.width from 32.0 to 16.0: 0.5x energy', 'Scaled aladdin_adder.global_cycle_seconds from 1e-09 to 1e-09: 1x energy', 'aladdin_adder energy has been scaled 0.5x']
2024-05-04 02:11:15 INFO        | Best-matching entry: {'technology': '45nm', 'global_cycle_seconds': '1e-9', 'width|datawidth': '32', 'energy': '0.21', 'area': '2.78E+02', 'action': 'read', 'name': 'aladdin_adder', 'area_scale': 1, 'energy_scale': 1, 'n_instances': 1}
2024-05-04 02:11:15 INFO        | Scaling width from 32 to 16
2024-05-04 02:11:15 INFO        | Scaling global_cycle_seconds from 1e-9 to 1e-09
2024-05-04 02:11:15 INFO        | Scaled aladdin_adder.width from 32.0 to 16.0: 0.5x energy
2024-05-04 02:11:15 INFO        | Scaled aladdin_adder.global_cycle_seconds from 1e-09 to 1e-09: 1x energy
2024-05-04 02:11:15 INFO        | aladdin_adder energy has been scaled 0.5x
2024-05-04 02:11:15 INFO        
2024-05-04 02:11:15 INFO        ENERGY ESTIMATION for aladdin_adder(width_a=8, width_b=8, global_cycle_seconds=1e-09, action_latency_cycles=1, cycle_seconds=1e-09, technology=45nm, n_instances=1).read(global_cycle_seconds=1e-09, action_latency_cycles=1, cycle_seconds=1e-09, technology=45nm, n_instances=1)
2024-05-04 02:11:15 INFO        Library estimated 0.21p with accuracy 90%. Messages:
2024-05-04 02:11:15 INFO        | Found 1 entries for aladdin_adder.read.
2024-05-04 02:11:15 INFO        | Checking entry "{'technology': '45nm', 'global_cycle_seconds': '1e-9', 'width|datawidth': '32', 'energy': '0.21', 'area': '2.78E+02', 'action': 'read', 'name': 'aladdin_adder', 'area_scale': 1, 'energy_scale': 1, 'n_instances': 1}
2024-05-04 02:11:15 INFO        | value=0.21, matching_attrs=3, log=['Scaling global_cycle_seconds from 1e-9 to 1e-09', 'Scaled aladdin_adder.global_cycle_seconds from 1e-09 to 1e-09: 1x energy', 'aladdin_adder energy has been scaled 1x']
2024-05-04 02:11:15 INFO        | Best-matching entry: {'technology': '45nm', 'global_cycle_seconds': '1e-9', 'width|datawidth': '32', 'energy': '0.21', 'area': '2.78E+02', 'action': 'read', 'name': 'aladdin_adder', 'area_scale': 1, 'energy_scale': 1, 'n_instances': 1}
2024-05-04 02:11:15 INFO        | Scaling global_cycle_seconds from 1e-9 to 1e-09
2024-05-04 02:11:15 INFO        | Scaled aladdin_adder.global_cycle_seconds from 1e-09 to 1e-09: 1x energy
2024-05-04 02:11:15 INFO        | aladdin_adder energy has been scaled 1x
2024-05-04 02:11:15 INFO        
2024-05-04 02:11:15 INFO        ENERGY ESTIMATION for aladdin_adder(width=16, global_cycle_seconds=1e-09, action_latency_cycles=1, cycle_seconds=1e-09, technology=45nm, n_instances=1).leak(global_cycle_seconds=1e-09, action_latency_cycles=1, cycle_seconds=1e-09, technology=45nm, n_instances=1)
2024-05-04 02:11:15 INFO        Library estimated 0.0012p with accuracy 90%. Messages:
2024-05-04 02:11:15 INFO        | Found 1 entries for aladdin_adder.leak.
2024-05-04 02:11:15 INFO        | Checking entry "{'technology': '45nm', 'global_cycle_seconds': '1e-9', 'width|datawidth': '32', 'energy': '0.0024', 'area': '2.78E+02', 'action': 'leak', 'name': 'aladdin_adder', 'area_scale': 1, 'energy_scale': 1, 'n_instances': 1}
2024-05-04 02:11:15 INFO        | value=0.0024, matching_attrs=3, log=['Scaling width from 32 to 16', 'Scaling global_cycle_seconds from 1e-9 to 1e-09', 'Scaled aladdin_adder.width from 32.0 to 16.0: 0.5x leak', 'Scaled aladdin_adder.global_cycle_seconds from 1e-09 to 1e-09: 1.0x leak', 'aladdin_adder leak has been scaled 0.5x']
2024-05-04 02:11:15 INFO        | Best-matching entry: {'technology': '45nm', 'global_cycle_seconds': '1e-9', 'width|datawidth': '32', 'energy': '0.0024', 'area': '2.78E+02', 'action': 'leak', 'name': 'aladdin_adder', 'area_scale': 1, 'energy_scale': 1, 'n_instances': 1}
2024-05-04 02:11:15 INFO        | Scaling width from 32 to 16
2024-05-04 02:11:15 INFO        | Scaling global_cycle_seconds from 1e-9 to 1e-09
2024-05-04 02:11:15 INFO        | Scaled aladdin_adder.width from 32.0 to 16.0: 0.5x leak
2024-05-04 02:11:15 INFO        | Scaled aladdin_adder.global_cycle_seconds from 1e-09 to 1e-09: 1.0x leak
2024-05-04 02:11:15 INFO        | aladdin_adder leak has been scaled 0.5x
2024-05-04 02:11:15 INFO        | Multiplying by n_instances 1
2024-05-04 02:11:15 INFO        
2024-05-04 02:11:15 INFO        ENERGY ESTIMATION for aladdin_adder(width_a=8, width_b=8, global_cycle_seconds=1e-09, action_latency_cycles=1, cycle_seconds=1e-09, technology=45nm, n_instances=1).leak(global_cycle_seconds=1e-09, action_latency_cycles=1, cycle_seconds=1e-09, technology=45nm, n_instances=1)
2024-05-04 02:11:15 INFO        Library estimated 0.0024p with accuracy 90%. Messages:
2024-05-04 02:11:15 INFO        | Found 1 entries for aladdin_adder.leak.
2024-05-04 02:11:15 INFO        | Checking entry "{'technology': '45nm', 'global_cycle_seconds': '1e-9', 'width|datawidth': '32', 'energy': '0.0024', 'area': '2.78E+02', 'action': 'leak', 'name': 'aladdin_adder', 'area_scale': 1, 'energy_scale': 1, 'n_instances': 1}
2024-05-04 02:11:15 INFO        | value=0.0024, matching_attrs=3, log=['Scaling global_cycle_seconds from 1e-9 to 1e-09', 'Scaled aladdin_adder.global_cycle_seconds from 1e-09 to 1e-09: 1.0x leak', 'aladdin_adder leak has been scaled 1.0x']
2024-05-04 02:11:15 INFO        | Best-matching entry: {'technology': '45nm', 'global_cycle_seconds': '1e-9', 'width|datawidth': '32', 'energy': '0.0024', 'area': '2.78E+02', 'action': 'leak', 'name': 'aladdin_adder', 'area_scale': 1, 'energy_scale': 1, 'n_instances': 1}
2024-05-04 02:11:15 INFO        | Scaling global_cycle_seconds from 1e-9 to 1e-09
2024-05-04 02:11:15 INFO        | Scaled aladdin_adder.global_cycle_seconds from 1e-09 to 1e-09: 1.0x leak
2024-05-04 02:11:15 INFO        | aladdin_adder leak has been scaled 1.0x
2024-05-04 02:11:15 INFO        | Multiplying by n_instances 1
2024-05-04 02:11:15 WARNING     No action counts are specified as yaml input
2024-05-04 02:11:15 INFO        
2024-05-04 02:11:15 INFO        AREA ESTIMATION for DRAM(type=LPDDR4, width=64, datawidth=16, has_power_gating=False, n_banks=2, cluster_size=1, reduction_supported=True, multiple_buffering=1, min_utilization=0, allow_overbooking=False, meshX=1, meshY=1, version=0.4, technology=SET ME, global_cycle_seconds=1e-09, action_latency_cycles=1, cycle_seconds=1e-09, n_instances=1)
2024-05-04 02:11:15 INFO        CactiDRAM estimated 0 with accuracy 80%. Messages:
2024-05-04 02:11:15 INFO        | Unused arguments (datawidth, has_power_gating, n_banks, cluster_size, reduction_supported, multiple_buffering, min_utilization, allow_overbooking, meshX, meshY, version, technology, global_cycle_seconds, action_latency_cycles, cycle_seconds, n_instances) provided for ['DRAM', 'dram'].__init__. Arguments used: (type, width)
2024-05-04 02:11:15 INFO        | Multiplying by n_instances 1
2024-05-04 02:11:15 INFO        
2024-05-04 02:11:15 INFO        AREA ESTIMATION for dummy_storage(width=1, depth=1, datawidth=1, technology=-1, has_power_gating=False, n_banks=2, cluster_size=1, reduction_supported=True, multiple_buffering=1, min_utilization=0, allow_overbooking=False, meshX=1, meshY=1, version=0.4, global_cycle_seconds=1e-09, action_latency_cycles=1, cycle_seconds=1e-09, n_instances=1)
2024-05-04 02:11:15 INFO        dummy_table estimated 1u^2 with accuracy 100%. Messages:
2024-05-04 02:11:15 INFO        | Multiplying by n_instances 1
2024-05-04 02:11:15 INFO        
2024-05-04 02:11:15 INFO        AREA ESTIMATION for aladdin_register(depth=1, width=16, datawidth=16, has_power_gating=False, n_banks=2, cluster_size=1, reduction_supported=True, multiple_buffering=1, min_utilization=0, allow_overbooking=False, meshX=16, meshY=16, technology=45nm, version=0.4, global_cycle_seconds=1e-09, action_latency_cycles=1, cycle_seconds=1e-09, n_instances=1)
2024-05-04 02:11:15 INFO        Library estimated 95.68u^2 with accuracy 90%. Messages:
2024-05-04 02:11:15 INFO        | Found 4 entries for aladdin_register.
2024-05-04 02:11:15 INFO        | Checking entry "{'technology': '45nm', 'global_cycle_seconds': '1e-9', 'width|datawidth': '1', 'dynamic energy(pJ)': '0.009', 'area(um^2)': '5.98E+00', 'action': 'read', 'name': 'aladdin_register', 'area_scale': 1, 'energy_scale': 1, 'n_instances': 1}
2024-05-04 02:11:15 INFO        | value=5.98, matching_attrs=3, log=['Scaling width from 1 to 16', 'Scaling global_cycle_seconds from 1e-9 to 1e-09', 'Scaled aladdin_register.width from 1.0 to 16.0: 16.0x area', 'Scaled aladdin_register.global_cycle_seconds from 1e-09 to 1e-09: 1x area', 'aladdin_register area has been scaled 16.0x']
2024-05-04 02:11:15 INFO        | Checking entry "{'technology': '45nm', 'global_cycle_seconds': '1e-9', 'width|datawidth': '1', 'dynamic energy(pJ)': '0', 'area(um^2)': '5.98E+00', 'action': 'write', 'name': 'aladdin_register', 'area_scale': 1, 'energy_scale': 1, 'n_instances': 1}
2024-05-04 02:11:15 INFO        | value=5.98, matching_attrs=3, log=['Scaling width from 1 to 16', 'Scaling global_cycle_seconds from 1e-9 to 1e-09', 'Scaled aladdin_register.width from 1.0 to 16.0: 16.0x area', 'Scaled aladdin_register.global_cycle_seconds from 1e-09 to 1e-09: 1x area', 'aladdin_register area has been scaled 16.0x']
2024-05-04 02:11:15 INFO        | Checking entry "{'technology': '45nm', 'global_cycle_seconds': '1e-9', 'width|datawidth': '1', 'dynamic energy(pJ)': '0', 'area(um^2)': '5.98E+00', 'action': 'leak', 'name': 'aladdin_register', 'area_scale': 1, 'energy_scale': 1, 'n_instances': 1}
2024-05-04 02:11:15 INFO        | value=5.98, matching_attrs=3, log=['Scaling width from 1 to 16', 'Scaling global_cycle_seconds from 1e-9 to 1e-09', 'Scaled aladdin_register.width from 1.0 to 16.0: 16.0x area', 'Scaled aladdin_register.global_cycle_seconds from 1e-09 to 1e-09: 1x area', 'aladdin_register area has been scaled 16.0x']
2024-05-04 02:11:15 INFO        | Checking entry "{'technology': '45nm', 'global_cycle_seconds': '1e-9', 'width|datawidth': '1', 'dynamic energy(pJ)': '0', 'area(um^2)': '5.98E+00', 'action': 'update', 'name': 'aladdin_register', 'area_scale': 1, 'energy_scale': 1, 'n_instances': 1}
2024-05-04 02:11:15 INFO        | value=5.98, matching_attrs=3, log=['Scaling width from 1 to 16', 'Scaling global_cycle_seconds from 1e-9 to 1e-09', 'Scaled aladdin_register.width from 1.0 to 16.0: 16.0x area', 'Scaled aladdin_register.global_cycle_seconds from 1e-09 to 1e-09: 1x area', 'aladdin_register area has been scaled 16.0x']
2024-05-04 02:11:15 INFO        | Best-matching entry: {'technology': '45nm', 'global_cycle_seconds': '1e-9', 'width|datawidth': '1', 'dynamic energy(pJ)': '0.009', 'area(um^2)': '5.98E+00', 'action': 'read', 'name': 'aladdin_register', 'area_scale': 1, 'energy_scale': 1, 'n_instances': 1}
2024-05-04 02:11:15 INFO        | Scaling width from 1 to 16
2024-05-04 02:11:15 INFO        | Scaling global_cycle_seconds from 1e-9 to 1e-09
2024-05-04 02:11:15 INFO        | Scaled aladdin_register.width from 1.0 to 16.0: 16.0x area
2024-05-04 02:11:15 INFO        | Scaled aladdin_register.global_cycle_seconds from 1e-09 to 1e-09: 1x area
2024-05-04 02:11:15 INFO        | aladdin_register area has been scaled 16.0x
2024-05-04 02:11:15 INFO        | Multiplying by n_instances 1
2024-05-04 02:11:15 INFO        
2024-05-04 02:11:15 INFO        AREA ESTIMATION for aladdin_register(depth=1, width=16, datawidth=16, has_power_gating=False, n_banks=2, cluster_size=1, reduction_supported=True, multiple_buffering=1, min_utilization=0, allow_overbooking=False, meshX=16, meshY=16, technology=45nm, version=0.4, global_cycle_seconds=1e-09, action_latency_cycles=1, cycle_seconds=1e-09, n_instances=1)
2024-05-04 02:11:15 INFO        Library estimated 95.68u^2 with accuracy 90%. Messages:
2024-05-04 02:11:15 INFO        | Found 4 entries for aladdin_register.
2024-05-04 02:11:15 INFO        | Checking entry "{'technology': '45nm', 'global_cycle_seconds': '1e-9', 'width|datawidth': '1', 'dynamic energy(pJ)': '0.009', 'area(um^2)': '5.98E+00', 'action': 'read', 'name': 'aladdin_register', 'area_scale': 1, 'energy_scale': 1, 'n_instances': 1}
2024-05-04 02:11:15 INFO        | value=5.98, matching_attrs=3, log=['Scaling width from 1 to 16', 'Scaling global_cycle_seconds from 1e-9 to 1e-09', 'Scaled aladdin_register.width from 1.0 to 16.0: 16.0x area', 'Scaled aladdin_register.global_cycle_seconds from 1e-09 to 1e-09: 1x area', 'aladdin_register area has been scaled 16.0x']
2024-05-04 02:11:15 INFO        | Checking entry "{'technology': '45nm', 'global_cycle_seconds': '1e-9', 'width|datawidth': '1', 'dynamic energy(pJ)': '0', 'area(um^2)': '5.98E+00', 'action': 'write', 'name': 'aladdin_register', 'area_scale': 1, 'energy_scale': 1, 'n_instances': 1}
2024-05-04 02:11:15 INFO        | value=5.98, matching_attrs=3, log=['Scaling width from 1 to 16', 'Scaling global_cycle_seconds from 1e-9 to 1e-09', 'Scaled aladdin_register.width from 1.0 to 16.0: 16.0x area', 'Scaled aladdin_register.global_cycle_seconds from 1e-09 to 1e-09: 1x area', 'aladdin_register area has been scaled 16.0x']
2024-05-04 02:11:15 INFO        | Checking entry "{'technology': '45nm', 'global_cycle_seconds': '1e-9', 'width|datawidth': '1', 'dynamic energy(pJ)': '0', 'area(um^2)': '5.98E+00', 'action': 'leak', 'name': 'aladdin_register', 'area_scale': 1, 'energy_scale': 1, 'n_instances': 1}
2024-05-04 02:11:15 INFO        | value=5.98, matching_attrs=3, log=['Scaling width from 1 to 16', 'Scaling global_cycle_seconds from 1e-9 to 1e-09', 'Scaled aladdin_register.width from 1.0 to 16.0: 16.0x area', 'Scaled aladdin_register.global_cycle_seconds from 1e-09 to 1e-09: 1x area', 'aladdin_register area has been scaled 16.0x']
2024-05-04 02:11:15 INFO        | Checking entry "{'technology': '45nm', 'global_cycle_seconds': '1e-9', 'width|datawidth': '1', 'dynamic energy(pJ)': '0', 'area(um^2)': '5.98E+00', 'action': 'update', 'name': 'aladdin_register', 'area_scale': 1, 'energy_scale': 1, 'n_instances': 1}
2024-05-04 02:11:15 INFO        | value=5.98, matching_attrs=3, log=['Scaling width from 1 to 16', 'Scaling global_cycle_seconds from 1e-9 to 1e-09', 'Scaled aladdin_register.width from 1.0 to 16.0: 16.0x area', 'Scaled aladdin_register.global_cycle_seconds from 1e-09 to 1e-09: 1x area', 'aladdin_register area has been scaled 16.0x']
2024-05-04 02:11:15 INFO        | Best-matching entry: {'technology': '45nm', 'global_cycle_seconds': '1e-9', 'width|datawidth': '1', 'dynamic energy(pJ)': '0.009', 'area(um^2)': '5.98E+00', 'action': 'read', 'name': 'aladdin_register', 'area_scale': 1, 'energy_scale': 1, 'n_instances': 1}
2024-05-04 02:11:15 INFO        | Scaling width from 1 to 16
2024-05-04 02:11:15 INFO        | Scaling global_cycle_seconds from 1e-9 to 1e-09
2024-05-04 02:11:15 INFO        | Scaled aladdin_register.width from 1.0 to 16.0: 16.0x area
2024-05-04 02:11:15 INFO        | Scaled aladdin_register.global_cycle_seconds from 1e-09 to 1e-09: 1x area
2024-05-04 02:11:15 INFO        | aladdin_register area has been scaled 16.0x
2024-05-04 02:11:15 INFO        | Multiplying by n_instances 1
2024-05-04 02:11:15 INFO        
2024-05-04 02:11:15 INFO        AREA ESTIMATION for aladdin_register(depth=1, width=16, datawidth=16, has_power_gating=False, n_banks=2, cluster_size=1, reduction_supported=True, multiple_buffering=1, min_utilization=0, allow_overbooking=False, meshX=16, meshY=16, technology=45nm, version=0.4, global_cycle_seconds=1e-09, action_latency_cycles=1, cycle_seconds=1e-09, n_instances=1)
2024-05-04 02:11:15 INFO        Library estimated 95.68u^2 with accuracy 90%. Messages:
2024-05-04 02:11:15 INFO        | Found 4 entries for aladdin_register.
2024-05-04 02:11:15 INFO        | Checking entry "{'technology': '45nm', 'global_cycle_seconds': '1e-9', 'width|datawidth': '1', 'dynamic energy(pJ)': '0.009', 'area(um^2)': '5.98E+00', 'action': 'read', 'name': 'aladdin_register', 'area_scale': 1, 'energy_scale': 1, 'n_instances': 1}
2024-05-04 02:11:15 INFO        | value=5.98, matching_attrs=3, log=['Scaling width from 1 to 16', 'Scaling global_cycle_seconds from 1e-9 to 1e-09', 'Scaled aladdin_register.width from 1.0 to 16.0: 16.0x area', 'Scaled aladdin_register.global_cycle_seconds from 1e-09 to 1e-09: 1x area', 'aladdin_register area has been scaled 16.0x']
2024-05-04 02:11:15 INFO        | Checking entry "{'technology': '45nm', 'global_cycle_seconds': '1e-9', 'width|datawidth': '1', 'dynamic energy(pJ)': '0', 'area(um^2)': '5.98E+00', 'action': 'write', 'name': 'aladdin_register', 'area_scale': 1, 'energy_scale': 1, 'n_instances': 1}
2024-05-04 02:11:15 INFO        | value=5.98, matching_attrs=3, log=['Scaling width from 1 to 16', 'Scaling global_cycle_seconds from 1e-9 to 1e-09', 'Scaled aladdin_register.width from 1.0 to 16.0: 16.0x area', 'Scaled aladdin_register.global_cycle_seconds from 1e-09 to 1e-09: 1x area', 'aladdin_register area has been scaled 16.0x']
2024-05-04 02:11:15 INFO        | Checking entry "{'technology': '45nm', 'global_cycle_seconds': '1e-9', 'width|datawidth': '1', 'dynamic energy(pJ)': '0', 'area(um^2)': '5.98E+00', 'action': 'leak', 'name': 'aladdin_register', 'area_scale': 1, 'energy_scale': 1, 'n_instances': 1}
2024-05-04 02:11:15 INFO        | value=5.98, matching_attrs=3, log=['Scaling width from 1 to 16', 'Scaling global_cycle_seconds from 1e-9 to 1e-09', 'Scaled aladdin_register.width from 1.0 to 16.0: 16.0x area', 'Scaled aladdin_register.global_cycle_seconds from 1e-09 to 1e-09: 1x area', 'aladdin_register area has been scaled 16.0x']
2024-05-04 02:11:15 INFO        | Checking entry "{'technology': '45nm', 'global_cycle_seconds': '1e-9', 'width|datawidth': '1', 'dynamic energy(pJ)': '0', 'area(um^2)': '5.98E+00', 'action': 'update', 'name': 'aladdin_register', 'area_scale': 1, 'energy_scale': 1, 'n_instances': 1}
2024-05-04 02:11:15 INFO        | value=5.98, matching_attrs=3, log=['Scaling width from 1 to 16', 'Scaling global_cycle_seconds from 1e-9 to 1e-09', 'Scaled aladdin_register.width from 1.0 to 16.0: 16.0x area', 'Scaled aladdin_register.global_cycle_seconds from 1e-09 to 1e-09: 1x area', 'aladdin_register area has been scaled 16.0x']
2024-05-04 02:11:15 INFO        | Best-matching entry: {'technology': '45nm', 'global_cycle_seconds': '1e-9', 'width|datawidth': '1', 'dynamic energy(pJ)': '0.009', 'area(um^2)': '5.98E+00', 'action': 'read', 'name': 'aladdin_register', 'area_scale': 1, 'energy_scale': 1, 'n_instances': 1}
2024-05-04 02:11:15 INFO        | Scaling width from 1 to 16
2024-05-04 02:11:15 INFO        | Scaling global_cycle_seconds from 1e-9 to 1e-09
2024-05-04 02:11:15 INFO        | Scaled aladdin_register.width from 1.0 to 16.0: 16.0x area
2024-05-04 02:11:15 INFO        | Scaled aladdin_register.global_cycle_seconds from 1e-09 to 1e-09: 1x area
2024-05-04 02:11:15 INFO        | aladdin_register area has been scaled 16.0x
2024-05-04 02:11:15 INFO        | Multiplying by n_instances 1
2024-05-04 02:11:15 INFO        
2024-05-04 02:11:15 INFO        AREA ESTIMATION for SRAM(width=64, depth=16384, n_rw_ports=1, technology=45nm, global_cycle_seconds=1e-09, action_latency_cycles=1, cycle_seconds=1e-09, n_instances=1)
2024-05-04 02:11:27 INFO        CactiSRAM estimated 4.29589e-07 with accuracy 80%. Messages:
2024-05-04 02:11:27 INFO        | Unused arguments (global_cycle_seconds, action_latency_cycles, cycle_seconds, n_instances, datawidth) provided for ['SRAM', 'sram'].__init__. Arguments used: (width, depth, n_rw_ports, technology)
2024-05-04 02:11:27 INFO        | Calling CACTI with cache_size=131072 n_rw_ports=1 block_size=8 tech_node_um=0.045 n_banks=1 tag_size=0 associativity=1
2024-05-04 02:11:27 INFO        | Calling CACTI with input path /usr/local/share/accelergy/estimation_plug_ins/accelergy-cacti-plug-in/cacti_inputs_outputs/tmpxkb82oha
2024-05-04 02:11:27 INFO        | CACTI output will be written to /usr/local/share/accelergy/estimation_plug_ins/accelergy-cacti-plug-in/cacti_inputs_outputs/tmpsjwg4f6e
2024-05-04 02:11:27 INFO        | CACTI executable not found at /usr/local/share/accelergy/estimation_plug_ins/accelergy-cacti-plug-in/cacti/cacti
2024-05-04 02:11:27 INFO        | Calling: cd /usr/local/share/accelergy/estimation_plug_ins/accelergy-cacti-plug-in ; ./cacti -infile /usr/local/share/accelergy/estimation_plug_ins/accelergy-cacti-plug-in/cacti_inputs_outputs/tmpxkb82oha >> /usr/local/share/accelergy/estimation_plug_ins/accelergy-cacti-plug-in/cacti_inputs_outputs/tmpsjwg4f6e 2>&1
2024-05-04 02:11:27 INFO        | Cache bandwidth: 8.0 bits/cycle
2024-05-04 02:11:27 INFO        | Cache bandwidth: 38.765559223477396 Gbits/second
2024-05-04 02:11:27 INFO        | Multiplying by n_instances 1
2024-05-04 02:11:27 INFO        
2024-05-04 02:11:27 INFO        AREA ESTIMATION for intadder(n_bits=14, precision=14, datawidth=14, global_cycle_seconds=1e-09, action_latency_cycles=1, cycle_seconds=1e-09, technology=45nm, n_instances=1)
2024-05-04 02:11:27 INFO        Neurosim Plug-In estimated 81.44387999999998u^2 with accuracy 70%. Messages:
2024-05-04 02:11:27 INFO        | WARN: Non-numeric 45nm for parameter technology. Using 45 instead.
2024-05-04 02:11:27 INFO        | Multiplying by n_instances 1
2024-05-04 02:11:27 INFO        
2024-05-04 02:11:27 INFO        AREA ESTIMATION for SRAM(width=16, depth=192, n_rw_ports=1, technology=45nm, global_cycle_seconds=1e-09, action_latency_cycles=1, cycle_seconds=1e-09, n_instances=1)
2024-05-04 02:11:28 INFO        CactiSRAM estimated 1.330315e-09 with accuracy 80%. Messages:
2024-05-04 02:11:28 INFO        | Unused arguments (global_cycle_seconds, action_latency_cycles, cycle_seconds, n_instances, datawidth) provided for ['SRAM', 'sram'].__init__. Arguments used: (width, depth, n_rw_ports, technology)
2024-05-04 02:11:28 INFO        | Calling CACTI with cache_size=768 n_rw_ports=1 block_size=4 tech_node_um=0.045 n_banks=1 tag_size=0 associativity=1
2024-05-04 02:11:28 INFO        | Calling CACTI with input path /usr/local/share/accelergy/estimation_plug_ins/accelergy-cacti-plug-in/cacti_inputs_outputs/tmpjqg6v85w
2024-05-04 02:11:28 INFO        | CACTI output will be written to /usr/local/share/accelergy/estimation_plug_ins/accelergy-cacti-plug-in/cacti_inputs_outputs/tmpt_2mlowb
2024-05-04 02:11:28 INFO        | CACTI executable not found at /usr/local/share/accelergy/estimation_plug_ins/accelergy-cacti-plug-in/cacti/cacti
2024-05-04 02:11:28 INFO        | Calling: cd /usr/local/share/accelergy/estimation_plug_ins/accelergy-cacti-plug-in ; ./cacti -infile /usr/local/share/accelergy/estimation_plug_ins/accelergy-cacti-plug-in/cacti_inputs_outputs/tmpjqg6v85w >> /usr/local/share/accelergy/estimation_plug_ins/accelergy-cacti-plug-in/cacti_inputs_outputs/tmpt_2mlowb 2>&1
2024-05-04 02:11:28 INFO        | Cache bandwidth: 2.0 bits/cycle
2024-05-04 02:11:28 INFO        | Cache bandwidth: 26.452489675262623 Gbits/second
2024-05-04 02:11:28 INFO        | Multiplying by n_instances 1
2024-05-04 02:11:28 INFO        
2024-05-04 02:11:28 INFO        AREA ESTIMATION for intadder(n_bits=8, precision=8, datawidth=8, global_cycle_seconds=1e-09, action_latency_cycles=1, cycle_seconds=1e-09, technology=45nm, n_instances=1)
2024-05-04 02:11:28 INFO        Neurosim Plug-In estimated 46.53936u^2 with accuracy 70%. Messages:
2024-05-04 02:11:28 INFO        | WARN: Non-numeric 45nm for parameter technology. Using 45 instead.
2024-05-04 02:11:28 INFO        | Multiplying by n_instances 1
2024-05-04 02:11:28 INFO        
2024-05-04 02:11:28 INFO        AREA ESTIMATION for aladdin_adder(width=16, global_cycle_seconds=1e-09, action_latency_cycles=1, cycle_seconds=1e-09, technology=45nm, n_instances=1)
2024-05-04 02:11:28 INFO        Library estimated 139.0u^2 with accuracy 90%. Messages:
2024-05-04 02:11:28 INFO        | Found 5 entries for aladdin_adder.
2024-05-04 02:11:28 INFO        | Checking entry "{'technology': '45nm', 'global_cycle_seconds': '1e-9', 'width|datawidth': '32', 'energy': '0.21', 'area': '2.78E+02', 'action': 'add', 'name': 'aladdin_adder', 'area_scale': 1, 'energy_scale': 1, 'n_instances': 1}
2024-05-04 02:11:28 INFO        | value=278.0, matching_attrs=3, log=['Scaling width from 32 to 16', 'Scaling global_cycle_seconds from 1e-9 to 1e-09', 'Scaled aladdin_adder.width from 32.0 to 16.0: 0.5x area', 'Scaled aladdin_adder.global_cycle_seconds from 1e-09 to 1e-09: 1x area', 'aladdin_adder area has been scaled 0.5x']
2024-05-04 02:11:28 INFO        | Checking entry "{'technology': '45nm', 'global_cycle_seconds': '1e-9', 'width|datawidth': '32', 'energy': '0.21', 'area': '2.78E+02', 'action': 'read', 'name': 'aladdin_adder', 'area_scale': 1, 'energy_scale': 1, 'n_instances': 1}
2024-05-04 02:11:28 INFO        | value=278.0, matching_attrs=3, log=['Scaling width from 32 to 16', 'Scaling global_cycle_seconds from 1e-9 to 1e-09', 'Scaled aladdin_adder.width from 32.0 to 16.0: 0.5x area', 'Scaled aladdin_adder.global_cycle_seconds from 1e-09 to 1e-09: 1x area', 'aladdin_adder area has been scaled 0.5x']
2024-05-04 02:11:28 INFO        | Checking entry "{'technology': '45nm', 'global_cycle_seconds': '1e-9', 'width|datawidth': '32', 'energy': '0.0024', 'area': '2.78E+02', 'action': 'leak', 'name': 'aladdin_adder', 'area_scale': 1, 'energy_scale': 1, 'n_instances': 1}
2024-05-04 02:11:28 INFO        | value=278.0, matching_attrs=3, log=['Scaling width from 32 to 16', 'Scaling global_cycle_seconds from 1e-9 to 1e-09', 'Scaled aladdin_adder.width from 32.0 to 16.0: 0.5x area', 'Scaled aladdin_adder.global_cycle_seconds from 1e-09 to 1e-09: 1x area', 'aladdin_adder area has been scaled 0.5x']
2024-05-04 02:11:28 INFO        | Checking entry "{'technology': '45nm', 'global_cycle_seconds': '1e-9', 'width|datawidth': '32', 'energy': '0', 'area': '2.78E+02', 'action': 'update', 'name': 'aladdin_adder', 'area_scale': 1, 'energy_scale': 1, 'n_instances': 1}
2024-05-04 02:11:28 INFO        | value=278.0, matching_attrs=3, log=['Scaling width from 32 to 16', 'Scaling global_cycle_seconds from 1e-9 to 1e-09', 'Scaled aladdin_adder.width from 32.0 to 16.0: 0.5x area', 'Scaled aladdin_adder.global_cycle_seconds from 1e-09 to 1e-09: 1x area', 'aladdin_adder area has been scaled 0.5x']
2024-05-04 02:11:28 INFO        | Checking entry "{'technology': '45nm', 'global_cycle_seconds': '1e-9', 'width|datawidth': '32', 'energy': '0', 'area': '2.78E+02', 'action': 'write', 'name': 'aladdin_adder', 'area_scale': 1, 'energy_scale': 1, 'n_instances': 1}
2024-05-04 02:11:28 INFO        | value=278.0, matching_attrs=3, log=['Scaling width from 32 to 16', 'Scaling global_cycle_seconds from 1e-9 to 1e-09', 'Scaled aladdin_adder.width from 32.0 to 16.0: 0.5x area', 'Scaled aladdin_adder.global_cycle_seconds from 1e-09 to 1e-09: 1x area', 'aladdin_adder area has been scaled 0.5x']
2024-05-04 02:11:28 INFO        | Best-matching entry: {'technology': '45nm', 'global_cycle_seconds': '1e-9', 'width|datawidth': '32', 'energy': '0.21', 'area': '2.78E+02', 'action': 'add', 'name': 'aladdin_adder', 'area_scale': 1, 'energy_scale': 1, 'n_instances': 1}
2024-05-04 02:11:28 INFO        | Scaling width from 32 to 16
2024-05-04 02:11:28 INFO        | Scaling global_cycle_seconds from 1e-9 to 1e-09
2024-05-04 02:11:28 INFO        | Scaled aladdin_adder.width from 32.0 to 16.0: 0.5x area
2024-05-04 02:11:28 INFO        | Scaled aladdin_adder.global_cycle_seconds from 1e-09 to 1e-09: 1x area
2024-05-04 02:11:28 INFO        | aladdin_adder area has been scaled 0.5x
2024-05-04 02:11:28 INFO        | Multiplying by n_instances 1
2024-05-04 02:11:28 INFO        
2024-05-04 02:11:28 INFO        AREA ESTIMATION for aladdin_adder(width_a=8, width_b=8, global_cycle_seconds=1e-09, action_latency_cycles=1, cycle_seconds=1e-09, technology=45nm, n_instances=1)
2024-05-04 02:11:28 INFO        Library estimated 278.0u^2 with accuracy 90%. Messages:
2024-05-04 02:11:28 INFO        | Found 5 entries for aladdin_adder.
2024-05-04 02:11:28 INFO        | Checking entry "{'technology': '45nm', 'global_cycle_seconds': '1e-9', 'width|datawidth': '32', 'energy': '0.21', 'area': '2.78E+02', 'action': 'add', 'name': 'aladdin_adder', 'area_scale': 1, 'energy_scale': 1, 'n_instances': 1}
2024-05-04 02:11:28 INFO        | value=278.0, matching_attrs=3, log=['Scaling global_cycle_seconds from 1e-9 to 1e-09', 'Scaled aladdin_adder.global_cycle_seconds from 1e-09 to 1e-09: 1x area', 'aladdin_adder area has been scaled 1x']
2024-05-04 02:11:28 INFO        | Checking entry "{'technology': '45nm', 'global_cycle_seconds': '1e-9', 'width|datawidth': '32', 'energy': '0.21', 'area': '2.78E+02', 'action': 'read', 'name': 'aladdin_adder', 'area_scale': 1, 'energy_scale': 1, 'n_instances': 1}
2024-05-04 02:11:28 INFO        | value=278.0, matching_attrs=3, log=['Scaling global_cycle_seconds from 1e-9 to 1e-09', 'Scaled aladdin_adder.global_cycle_seconds from 1e-09 to 1e-09: 1x area', 'aladdin_adder area has been scaled 1x']
2024-05-04 02:11:28 INFO        | Checking entry "{'technology': '45nm', 'global_cycle_seconds': '1e-9', 'width|datawidth': '32', 'energy': '0.0024', 'area': '2.78E+02', 'action': 'leak', 'name': 'aladdin_adder', 'area_scale': 1, 'energy_scale': 1, 'n_instances': 1}
2024-05-04 02:11:28 INFO        | value=278.0, matching_attrs=3, log=['Scaling global_cycle_seconds from 1e-9 to 1e-09', 'Scaled aladdin_adder.global_cycle_seconds from 1e-09 to 1e-09: 1x area', 'aladdin_adder area has been scaled 1x']
2024-05-04 02:11:28 INFO        | Checking entry "{'technology': '45nm', 'global_cycle_seconds': '1e-9', 'width|datawidth': '32', 'energy': '0', 'area': '2.78E+02', 'action': 'update', 'name': 'aladdin_adder', 'area_scale': 1, 'energy_scale': 1, 'n_instances': 1}
2024-05-04 02:11:28 INFO        | value=278.0, matching_attrs=3, log=['Scaling global_cycle_seconds from 1e-9 to 1e-09', 'Scaled aladdin_adder.global_cycle_seconds from 1e-09 to 1e-09: 1x area', 'aladdin_adder area has been scaled 1x']
2024-05-04 02:11:28 INFO        | Checking entry "{'technology': '45nm', 'global_cycle_seconds': '1e-9', 'width|datawidth': '32', 'energy': '0', 'area': '2.78E+02', 'action': 'write', 'name': 'aladdin_adder', 'area_scale': 1, 'energy_scale': 1, 'n_instances': 1}
2024-05-04 02:11:28 INFO        | value=278.0, matching_attrs=3, log=['Scaling global_cycle_seconds from 1e-9 to 1e-09', 'Scaled aladdin_adder.global_cycle_seconds from 1e-09 to 1e-09: 1x area', 'aladdin_adder area has been scaled 1x']
2024-05-04 02:11:28 INFO        | Best-matching entry: {'technology': '45nm', 'global_cycle_seconds': '1e-9', 'width|datawidth': '32', 'energy': '0.21', 'area': '2.78E+02', 'action': 'add', 'name': 'aladdin_adder', 'area_scale': 1, 'energy_scale': 1, 'n_instances': 1}
2024-05-04 02:11:28 INFO        | Scaling global_cycle_seconds from 1e-9 to 1e-09
2024-05-04 02:11:28 INFO        | Scaled aladdin_adder.global_cycle_seconds from 1e-09 to 1e-09: 1x area
2024-05-04 02:11:28 INFO        | aladdin_adder area has been scaled 1x
2024-05-04 02:11:28 INFO        | Multiplying by n_instances 1
2024-05-04 02:11:28 INFO        flattened architecture is saved to:
2024-05-04 02:11:28 INFO        ./timeloop-mapper.flattened_architecture.yaml
2024-05-04 02:11:29 INFO        energy reference table is saved to:
2024-05-04 02:11:29 INFO        ./timeloop-mapper.ERT.yaml
2024-05-04 02:11:29 INFO        energy reference table summary is saved to:
2024-05-04 02:11:29 INFO        ./timeloop-mapper.ERT_summary.yaml
2024-05-04 02:11:29 WARNING     no runtime energy estimations are generated... not generating energy_estimation.yaml
2024-05-04 02:11:29 INFO        area reference table is saved to:
2024-05-04 02:11:29 INFO        ./timeloop-mapper.ART.yaml
2024-05-04 02:11:29 INFO        area reference table summary is saved to:
2024-05-04 02:11:29 INFO        ./timeloop-mapper.ART_summary.yaml
